<?xml version="1.0" encoding="UTF-8"?>
<!-- Generated by org.testng.reporters.JUnitXMLReporter -->
<testsuite hostname="DESKTOP-4SLAKQP" ignored="0" name="Drop down Sub Control Name If Management Radio Button And Risk Assessment Option Selected In Technology Risk" tests="1" failures="0" timestamp="2023-05-08T17:54:50 IST" time="2860.08" errors="0">
  <testcase name="@BeforeTest driver" time="2860.057" classname="Generic_Liberary.BaseClass">
    <failure type="org.openqa.selenium.WebDriverException" message="unknown error: DevToolsActivePort file doesn&amp;apos;t exist
Build info: version: &amp;apos;3.141.59&amp;apos;, revision: &amp;apos;e82be7d358&amp;apos;, time: &amp;apos;2018-11-14T08:17:03&amp;apos;
System info: host: &amp;apos;DESKTOP-4SLAKQP&amp;apos;, ip: &amp;apos;192.168.0.100&amp;apos;, os.name: &amp;apos;Windows 10&amp;apos;, os.arch: &amp;apos;amd64&amp;apos;, os.version: &amp;apos;10.0&amp;apos;, java.version: &amp;apos;1.8.0_202&amp;apos;
Driver info: driver.version: ChromeDriver
remote stacktrace: Backtrace:
	GetHandleVerifier [0x011CDCE3+50899]
	(No symbol) [0x0115E111]
	(No symbol) [0x01065588]
	(No symbol) [0x01084C74]
	(No symbol) [0x0108131F]
	(No symbol) [0x0107F479]
	(No symbol) [0x010B1FFE]
	(No symbol) [0x010B1CEC]
	(No symbol) [0x010AB6F6]
	(No symbol) [0x01087708]
	(No symbol) [0x0108886D]
	GetHandleVerifier [0x01433EAE+2566302]
	GetHandleVerifier [0x014692B1+2784417]
	GetHandleVerifier [0x0146327C+2759788]
	GetHandleVerifier [0x01265740+672048]
	(No symbol) [0x01168872]
	(No symbol) [0x011641C8]
	(No symbol) [0x011642AB]
	(No symbol) [0x011571B7]
	BaseThreadInitThunk [0x76876359+25]
	RtlGetAppContainerNamedObjectPath [0x77B27A94+228]
	RtlGetAppContainerNamedObjectPath [0x77B27A64+180]
">
      <![CDATA[org.openqa.selenium.WebDriverException: unknown error: DevToolsActivePort file doesn't exist
Build info: version: '3.141.59', revision: 'e82be7d358', time: '2018-11-14T08:17:03'
System info: host: 'DESKTOP-4SLAKQP', ip: '192.168.0.100', os.name: 'Windows 10', os.arch: 'amd64', os.version: '10.0', java.version: '1.8.0_202'
Driver info: driver.version: ChromeDriver
remote stacktrace: Backtrace:
GetHandleVerifier [0x011CDCE3+50899]
(No symbol) [0x0115E111]
(No symbol) [0x01065588]
(No symbol) [0x01084C74]
(No symbol) [0x0108131F]
(No symbol) [0x0107F479]
(No symbol) [0x010B1FFE]
(No symbol) [0x010B1CEC]
(No symbol) [0x010AB6F6]
(No symbol) [0x01087708]
(No symbol) [0x0108886D]
GetHandleVerifier [0x01433EAE+2566302]
GetHandleVerifier [0x014692B1+2784417]
GetHandleVerifier [0x0146327C+2759788]
GetHandleVerifier [0x01265740+672048]
(No symbol) [0x01168872]
(No symbol) [0x011641C8]
(No symbol) [0x011642AB]
(No symbol) [0x011571B7]
BaseThreadInitThunk [0x76876359+25]
RtlGetAppContainerNamedObjectPath [0x77B27A94+228]
RtlGetAppContainerNamedObjectPath [0x77B27A64+180]

at org.openqa.selenium.remote.W3CHandshakeResponse.lambda$errorHandler$0(W3CHandshakeResponse.java:62)
at org.openqa.selenium.remote.HandshakeResponse.lambda$getResponseFunction$0(HandshakeResponse.java:30)
at org.openqa.selenium.remote.ProtocolHandshake.lambda$createSession$0(ProtocolHandshake.java:126)
at java.util.stream.ReferencePipeline$3$1.accept(ReferencePipeline.java:193)
at java.util.Spliterators$ArraySpliterator.tryAdvance(Spliterators.java:958)
at java.util.stream.ReferencePipeline.forEachWithCancel(ReferencePipeline.java:126)
at java.util.stream.AbstractPipeline.copyIntoWithCancel(AbstractPipeline.java:498)
at java.util.stream.AbstractPipeline.copyInto(AbstractPipeline.java:485)
at java.util.stream.AbstractPipeline.wrapAndCopyInto(AbstractPipeline.java:471)
at java.util.stream.FindOps$FindOp.evaluateSequential(FindOps.java:152)
at java.util.stream.AbstractPipeline.evaluate(AbstractPipeline.java:234)
at java.util.stream.ReferencePipeline.findFirst(ReferencePipeline.java:464)
at org.openqa.selenium.remote.ProtocolHandshake.createSession(ProtocolHandshake.java:128)
at org.openqa.selenium.remote.ProtocolHandshake.createSession(ProtocolHandshake.java:74)
at org.openqa.selenium.remote.HttpCommandExecutor.execute(HttpCommandExecutor.java:136)
at org.openqa.selenium.remote.service.DriverCommandExecutor.execute(DriverCommandExecutor.java:83)
at org.openqa.selenium.remote.RemoteWebDriver.execute(RemoteWebDriver.java:552)
at org.openqa.selenium.remote.RemoteWebDriver.startSession(RemoteWebDriver.java:213)
at org.openqa.selenium.remote.RemoteWebDriver.<init>(RemoteWebDriver.java:131)
at org.openqa.selenium.chrome.ChromeDriver.<init>(ChromeDriver.java:181)
at org.openqa.selenium.chrome.ChromeDriver.<init>(ChromeDriver.java:168)
at org.openqa.selenium.chrome.ChromeDriver.<init>(ChromeDriver.java:123)
at Generic_Liberary.BaseClass.driver(BaseClass.java:95)
... Removed 27 stack frames]]>
    </failure>
  </testcase> <!-- @BeforeTest driver -->
  <testcase name="@AfterMethod checkResult" time="-1.683548690029E9" classname="Generic_Liberary.BaseClass">
    <skipped/>
  </testcase> <!-- @AfterMethod checkResult -->
  <testcase name="@AfterTest quit" time="-1.683548690032E9" classname="Generic_Liberary.BaseClass">
    <skipped/>
  </testcase> <!-- @AfterTest quit -->
  <testcase name="dropdownSubControlNameIfManagementRadioButtonAndRiskAssessmentOptionSelected" time="0.0" classname="technologyRisk.DropdownSubControlNameIfManagementRadioButtonAndRiskAssessmentOptionSelected">
    <skipped/>
  </testcase> <!-- dropdownSubControlNameIfManagementRadioButtonAndRiskAssessmentOptionSelected -->
</testsuite> <!-- Drop down Sub Control Name If Management Radio Button And Risk Assessment Option Selected In Technology Risk -->
