<html>
<head>
<title>TestNG:  Dropdown Sub Control Name If Management Radio Button And Planning Option Selected In Physical Risk</title>
<link href="../testng.css" rel="stylesheet" type="text/css" />
<link href="../my-testng.css" rel="stylesheet" type="text/css" />

<style type="text/css">
.log { display: none;} 
.stack-trace { display: none;} 
</style>
<script type="text/javascript">
<!--
function flip(e) {
  current = e.style.display;
  if (current == 'block') {
    e.style.display = 'none';
    return 0;
  }
  else {
    e.style.display = 'block';
    return 1;
  }
}

function toggleBox(szDivId, elem, msg1, msg2)
{
  var res = -1;  if (document.getElementById) {
    res = flip(document.getElementById(szDivId));
  }
  else if (document.all) {
    // this is the way old msie versions work
    res = flip(document.all[szDivId]);
  }
  if(elem) {
    if(res == 0) elem.innerHTML = msg1; else elem.innerHTML = msg2;
  }

}

function toggleAllBoxes() {
  if (document.getElementsByTagName) {
    d = document.getElementsByTagName('div');
    for (i = 0; i < d.length; i++) {
      if (d[i].className == 'log') {
        flip(d[i]);
      }
    }
  }
}

// -->
</script>

</head>
<body>
<h2 align='center'>Dropdown Sub Control Name If Management Radio Button And Planning Option Selected In Physical Risk</h2><table border='1' align="center">
<tr>
<td>Tests passed/Failed/Skipped:</td><td>0/0/1</td>
</tr><tr>
<td>Started on:</td><td>Mon May 08 18:32:45 IST 2023</td>
</tr>
<tr><td>Total time:</td><td>7 seconds (7860 ms)</td>
</tr><tr>
<td>Included groups:</td><td></td>
</tr><tr>
<td>Excluded groups:</td><td></td>
</tr>
</table><p/>
<small><i>(Hover the method name to see the test class name)</i></small><p/>
<table width='100%' border='1' class='invocation-failed'>
<tr><td colspan='4' align='center'><b>FAILED CONFIGURATIONS</b></td></tr>
<tr><td><b>Test method</b></td>
<td width="30%"><b>Exception</b></td>
<td width="10%"><b>Time (seconds)</b></td>
<td><b>Instance</b></td>
</tr>
<tr>
<td title='physicalRisk.DropdownSubControlNameIfManagementRadioButtonAndPlanningOptionSelected.driver()'><b>driver</b><br>Test class: physicalRisk.DropdownSubControlNameIfManagementRadioButtonAndPlanningOptionSelected<br>Parameters: org.testng.TestRunner@6028b018, chrome</td>
<td><div><pre>org.openqa.selenium.WebDriverException: disconnected: received Inspector.detached event
  (failed to check if window was closed: disconnected: not connected to DevTools)
  (Session info: chrome=112.0.5615.138)
Build info: version: &apos;3.141.59&apos;, revision: &apos;e82be7d358&apos;, time: &apos;2018-11-14T08:17:03&apos;
System info: host: &apos;DESKTOP-4SLAKQP&apos;, ip: &apos;192.168.0.100&apos;, os.name: &apos;Windows 10&apos;, os.arch: &apos;amd64&apos;, os.version: &apos;10.0&apos;, java.version: &apos;1.8.0_202&apos;
Driver info: driver.version: ChromeDriver
remote stacktrace: Backtrace:
	GetHandleVerifier [0x011CDCE3+50899]
	(No symbol) [0x0115E111]
	(No symbol) [0x01065588]
	(No symbol) [0x01059257]
	(No symbol) [0x01058DEB]
	(No symbol) [0x01058275]
	(No symbol) [0x0105820C]
	(No symbol) [0x01056F06]
	(No symbol) [0x01057668]
	(No symbol) [0x01056685]
	(No symbol) [0x010613A6]
	(No symbol) [0x010564C5]
	(No symbol) [0x01057F2A]
	(No symbol) [0x01056F06]
	(No symbol) [0x01057668]
	(No symbol) [0x01056685]
	(No symbol) [0x0105ECE6]
	(No symbol) [0x010564C5]
	(No symbol) [0x01057F2A]
	(No symbol) [0x01056F06]
	(No symbol) [0x01057668]
	(No symbol) [0x01056685]
	(No symbol) [0x0105C7FB]
	(No symbol) [0x010564C5]
	(No symbol) [0x01057F2A]
	(No symbol) [0x01056F06]
	(No symbol) [0x01057668]
	(No symbol) [0x01056685]
	(No symbol) [0x01050E2F]
	(No symbol) [0x010564C5]
	(No symbol) [0x01055E7D]
	(No symbol) [0x01055B5C]
	(No symbol) [0x01066923]
	(No symbol) [0x0104CAE3]
	(No symbol) [0x0104C1D5]
	(No symbol) [0x010B21CD]
	(No symbol) [0x010B1CEC]
	(No symbol) [0x010AB6F6]
	(No symbol) [0x01087708]
	(No symbol) [0x0108886D]
	GetHandleVerifier [0x01433EAE+2566302]
	GetHandleVerifier [0x014692B1+2784417]
	GetHandleVerifier [0x0146327C+2759788]
	GetHandleVerifier [0x01265740+672048]
	(No symbol) [0x01168872]
	(No symbol) [0x011641C8]
	(No symbol) [0x011642AB]
	(No symbol) [0x011571B7]
	BaseThreadInitThunk [0x76876359+25]
	RtlGetAppContainerNamedObjectPath [0x77B27A94+228]
	RtlGetAppContainerNamedObjectPath [0x77B27A64+180]

	at org.openqa.selenium.remote.W3CHandshakeResponse.lambda$errorHandler$0(W3CHandshakeResponse.java:62)
	at org.openqa.selenium.remote.HandshakeResponse.lambda$getResponseFunction$0(HandshakeResponse.java:30)
	at org.openqa.selenium.remote.ProtocolHandshake.lambda$createSession$0(ProtocolHandshake.java:126)
	at java.util.stream.ReferencePipeline$3$1.accept(ReferencePipeline.java:193)
	at java.util.Spliterators$ArraySpliterator.tryAdvance(Spliterators.java:958)
	at java.util.stream.ReferencePipeline.forEachWithCancel(ReferencePipeline.java:126)
	at java.util.stream.AbstractPipeline.copyIntoWithCancel(AbstractPipeline.java:498)
	at java.util.stream.AbstractPipeline.copyInto(AbstractPipeline.java:485)
	at java.util.stream.AbstractPipeline.wrapAndCopyInto(AbstractPipeline.java:471)
	at java.util.stream.FindOps$FindOp.evaluateSequential(FindOps.java:152)
	at java.util.stream.AbstractPipeline.evaluate(AbstractPipeline.java:234)
	at java.util.stream.ReferencePipeline.findFirst(ReferencePipeline.java:464)
	at org.openqa.selenium.remote.ProtocolHandshake.createSession(ProtocolHandshake.java:128)
	at org.openqa.selenium.remote.ProtocolHandshake.createSession(ProtocolHandshake.java:74)
	at org.openqa.selenium.remote.HttpCommandExecutor.execute(HttpCommandExecutor.java:136)
	at org.openqa.selenium.remote.service.DriverCommandExecutor.execute(DriverCommandExecutor.java:83)
	at org.openqa.selenium.remote.RemoteWebDriver.execute(RemoteWebDriver.java:552)
	at org.openqa.selenium.remote.RemoteWebDriver.startSession(RemoteWebDriver.java:213)
	at org.openqa.selenium.remote.RemoteWebDriver.&lt;init&gt;(RemoteWebDriver.java:131)
	at org.openqa.selenium.chrome.ChromeDriver.&lt;init&gt;(ChromeDriver.java:181)
	at org.openqa.selenium.chrome.ChromeDriver.&lt;init&gt;(ChromeDriver.java:168)
	at org.openqa.selenium.chrome.ChromeDriver.&lt;init&gt;(ChromeDriver.java:123)
	at Generic_Liberary.BaseClass.driver(BaseClass.java:95)
... Removed 26 stack frames</pre></div><a href='#' onClick='toggleBox("stack-trace1021812945", this, "Click to show all stack frames", "Click to hide stack frames")'>Click to show all stack frames</a>
<div class='stack-trace' id='stack-trace1021812945'><pre>org.openqa.selenium.WebDriverException: disconnected: received Inspector.detached event
  (failed to check if window was closed: disconnected: not connected to DevTools)
  (Session info: chrome=112.0.5615.138)
Build info: version: &apos;3.141.59&apos;, revision: &apos;e82be7d358&apos;, time: &apos;2018-11-14T08:17:03&apos;
System info: host: &apos;DESKTOP-4SLAKQP&apos;, ip: &apos;192.168.0.100&apos;, os.name: &apos;Windows 10&apos;, os.arch: &apos;amd64&apos;, os.version: &apos;10.0&apos;, java.version: &apos;1.8.0_202&apos;
Driver info: driver.version: ChromeDriver
remote stacktrace: Backtrace:
	GetHandleVerifier [0x011CDCE3+50899]
	(No symbol) [0x0115E111]
	(No symbol) [0x01065588]
	(No symbol) [0x01059257]
	(No symbol) [0x01058DEB]
	(No symbol) [0x01058275]
	(No symbol) [0x0105820C]
	(No symbol) [0x01056F06]
	(No symbol) [0x01057668]
	(No symbol) [0x01056685]
	(No symbol) [0x010613A6]
	(No symbol) [0x010564C5]
	(No symbol) [0x01057F2A]
	(No symbol) [0x01056F06]
	(No symbol) [0x01057668]
	(No symbol) [0x01056685]
	(No symbol) [0x0105ECE6]
	(No symbol) [0x010564C5]
	(No symbol) [0x01057F2A]
	(No symbol) [0x01056F06]
	(No symbol) [0x01057668]
	(No symbol) [0x01056685]
	(No symbol) [0x0105C7FB]
	(No symbol) [0x010564C5]
	(No symbol) [0x01057F2A]
	(No symbol) [0x01056F06]
	(No symbol) [0x01057668]
	(No symbol) [0x01056685]
	(No symbol) [0x01050E2F]
	(No symbol) [0x010564C5]
	(No symbol) [0x01055E7D]
	(No symbol) [0x01055B5C]
	(No symbol) [0x01066923]
	(No symbol) [0x0104CAE3]
	(No symbol) [0x0104C1D5]
	(No symbol) [0x010B21CD]
	(No symbol) [0x010B1CEC]
	(No symbol) [0x010AB6F6]
	(No symbol) [0x01087708]
	(No symbol) [0x0108886D]
	GetHandleVerifier [0x01433EAE+2566302]
	GetHandleVerifier [0x014692B1+2784417]
	GetHandleVerifier [0x0146327C+2759788]
	GetHandleVerifier [0x01265740+672048]
	(No symbol) [0x01168872]
	(No symbol) [0x011641C8]
	(No symbol) [0x011642AB]
	(No symbol) [0x011571B7]
	BaseThreadInitThunk [0x76876359+25]
	RtlGetAppContainerNamedObjectPath [0x77B27A94+228]
	RtlGetAppContainerNamedObjectPath [0x77B27A64+180]

	at sun.reflect.GeneratedConstructorAccessor45.newInstance(Unknown Source)
	at sun.reflect.DelegatingConstructorAccessorImpl.newInstance(DelegatingConstructorAccessorImpl.java:45)
	at java.lang.reflect.Constructor.newInstance(Constructor.java:423)
	at org.openqa.selenium.remote.W3CHandshakeResponse.lambda$errorHandler$0(W3CHandshakeResponse.java:62)
	at org.openqa.selenium.remote.HandshakeResponse.lambda$getResponseFunction$0(HandshakeResponse.java:30)
	at org.openqa.selenium.remote.ProtocolHandshake.lambda$createSession$0(ProtocolHandshake.java:126)
	at java.util.stream.ReferencePipeline$3$1.accept(ReferencePipeline.java:193)
	at java.util.Spliterators$ArraySpliterator.tryAdvance(Spliterators.java:958)
	at java.util.stream.ReferencePipeline.forEachWithCancel(ReferencePipeline.java:126)
	at java.util.stream.AbstractPipeline.copyIntoWithCancel(AbstractPipeline.java:498)
	at java.util.stream.AbstractPipeline.copyInto(AbstractPipeline.java:485)
	at java.util.stream.AbstractPipeline.wrapAndCopyInto(AbstractPipeline.java:471)
	at java.util.stream.FindOps$FindOp.evaluateSequential(FindOps.java:152)
	at java.util.stream.AbstractPipeline.evaluate(AbstractPipeline.java:234)
	at java.util.stream.ReferencePipeline.findFirst(ReferencePipeline.java:464)
	at org.openqa.selenium.remote.ProtocolHandshake.createSession(ProtocolHandshake.java:128)
	at org.openqa.selenium.remote.ProtocolHandshake.createSession(ProtocolHandshake.java:74)
	at org.openqa.selenium.remote.HttpCommandExecutor.execute(HttpCommandExecutor.java:136)
	at org.openqa.selenium.remote.service.DriverCommandExecutor.execute(DriverCommandExecutor.java:83)
	at org.openqa.selenium.remote.RemoteWebDriver.execute(RemoteWebDriver.java:552)
	at org.openqa.selenium.remote.RemoteWebDriver.startSession(RemoteWebDriver.java:213)
	at org.openqa.selenium.remote.RemoteWebDriver.&lt;init&gt;(RemoteWebDriver.java:131)
	at org.openqa.selenium.chrome.ChromeDriver.&lt;init&gt;(ChromeDriver.java:181)
	at org.openqa.selenium.chrome.ChromeDriver.&lt;init&gt;(ChromeDriver.java:168)
	at org.openqa.selenium.chrome.ChromeDriver.&lt;init&gt;(ChromeDriver.java:123)
	at Generic_Liberary.BaseClass.driver(BaseClass.java:95)
	at sun.reflect.GeneratedMethodAccessor13.invoke(Unknown Source)
	at sun.reflect.DelegatingMethodAccessorImpl.invoke(DelegatingMethodAccessorImpl.java:43)
	at java.lang.reflect.Method.invoke(Method.java:498)
	at org.testng.internal.MethodInvocationHelper.invokeMethod(MethodInvocationHelper.java:133)
	at org.testng.internal.MethodInvocationHelper.invokeMethodConsideringTimeout(MethodInvocationHelper.java:62)
	at org.testng.internal.ConfigInvoker.invokeConfigurationMethod(ConfigInvoker.java:385)
	at org.testng.internal.ConfigInvoker.invokeConfigurations(ConfigInvoker.java:321)
	at org.testng.TestRunner.invokeTestConfigurations(TestRunner.java:637)
	at org.testng.TestRunner.beforeRun(TestRunner.java:627)
	at org.testng.TestRunner.run(TestRunner.java:589)
	at org.testng.SuiteRunner.runTest(SuiteRunner.java:377)
	at org.testng.SuiteRunner.runSequentially(SuiteRunner.java:371)
	at org.testng.SuiteRunner.privateRun(SuiteRunner.java:332)
	at org.testng.SuiteRunner.run(SuiteRunner.java:276)
	at org.testng.SuiteRunnerWorker.runSuite(SuiteRunnerWorker.java:53)
	at org.testng.SuiteRunnerWorker.run(SuiteRunnerWorker.java:96)
	at org.testng.TestNG.runSuitesSequentially(TestNG.java:1212)
	at org.testng.TestNG.runSuitesLocally(TestNG.java:1134)
	at org.testng.TestNG.runSuites(TestNG.java:1063)
	at org.testng.TestNG.run(TestNG.java:1031)
	at org.testng.remote.AbstractRemoteTestNG.run(AbstractRemoteTestNG.java:115)
	at org.testng.remote.RemoteTestNG.initAndRun(RemoteTestNG.java:251)
	at org.testng.remote.RemoteTestNG.main(RemoteTestNG.java:77)
</pre></div></td>
<td>7</td>
<td>physicalRisk.DropdownSubControlNameIfManagementRadioButtonAndPlanningOptionSelected@5db45159</td></tr>
</table><p>
<table width='100%' border='1' class='invocation-skipped'>
<tr><td colspan='4' align='center'><b>SKIPPED CONFIGURATIONS</b></td></tr>
<tr><td><b>Test method</b></td>
<td width="30%"><b>Exception</b></td>
<td width="10%"><b>Time (seconds)</b></td>
<td><b>Instance</b></td>
</tr>
<tr>
<td title='physicalRisk.DropdownSubControlNameIfManagementRadioButtonAndPlanningOptionSelected.checkResult()'><b>checkResult</b><br>Test class: physicalRisk.DropdownSubControlNameIfManagementRadioButtonAndPlanningOptionSelected</td>
<td></td>
<td>-1683550973</td>
<td>physicalRisk.DropdownSubControlNameIfManagementRadioButtonAndPlanningOptionSelected@5db45159</td></tr>
<tr>
<td title='physicalRisk.DropdownSubControlNameIfManagementRadioButtonAndPlanningOptionSelected.quit()'><b>quit</b><br>Test class: physicalRisk.DropdownSubControlNameIfManagementRadioButtonAndPlanningOptionSelected</td>
<td></td>
<td>-1683550973</td>
<td>physicalRisk.DropdownSubControlNameIfManagementRadioButtonAndPlanningOptionSelected@5db45159</td></tr>
</table><p>
<table width='100%' border='1' class='invocation-skipped'>
<tr><td colspan='4' align='center'><b>SKIPPED TESTS</b></td></tr>
<tr><td><b>Test method</b></td>
<td width="30%"><b>Exception</b></td>
<td width="10%"><b>Time (seconds)</b></td>
<td><b>Instance</b></td>
</tr>
<tr>
<td title='physicalRisk.DropdownSubControlNameIfManagementRadioButtonAndPlanningOptionSelected.dropdownSubControlNameIfManagementRadioButtonAndPlanningOptionSelected()'><b>dropdownSubControlNameIfManagementRadioButtonAndPlanningOptionSelected</b><br>Test class: physicalRisk.DropdownSubControlNameIfManagementRadioButtonAndPlanningOptionSelected</td>
<td><div><pre>org.openqa.selenium.WebDriverException: disconnected: received Inspector.detached event
  (failed to check if window was closed: disconnected: not connected to DevTools)
  (Session info: chrome=112.0.5615.138)
Build info: version: &apos;3.141.59&apos;, revision: &apos;e82be7d358&apos;, time: &apos;2018-11-14T08:17:03&apos;
System info: host: &apos;DESKTOP-4SLAKQP&apos;, ip: &apos;192.168.0.100&apos;, os.name: &apos;Windows 10&apos;, os.arch: &apos;amd64&apos;, os.version: &apos;10.0&apos;, java.version: &apos;1.8.0_202&apos;
Driver info: driver.version: ChromeDriver
remote stacktrace: Backtrace:
	GetHandleVerifier [0x011CDCE3+50899]
	(No symbol) [0x0115E111]
	(No symbol) [0x01065588]
	(No symbol) [0x01059257]
	(No symbol) [0x01058DEB]
	(No symbol) [0x01058275]
	(No symbol) [0x0105820C]
	(No symbol) [0x01056F06]
	(No symbol) [0x01057668]
	(No symbol) [0x01056685]
	(No symbol) [0x010613A6]
	(No symbol) [0x010564C5]
	(No symbol) [0x01057F2A]
	(No symbol) [0x01056F06]
	(No symbol) [0x01057668]
	(No symbol) [0x01056685]
	(No symbol) [0x0105ECE6]
	(No symbol) [0x010564C5]
	(No symbol) [0x01057F2A]
	(No symbol) [0x01056F06]
	(No symbol) [0x01057668]
	(No symbol) [0x01056685]
	(No symbol) [0x0105C7FB]
	(No symbol) [0x010564C5]
	(No symbol) [0x01057F2A]
	(No symbol) [0x01056F06]
	(No symbol) [0x01057668]
	(No symbol) [0x01056685]
	(No symbol) [0x01050E2F]
	(No symbol) [0x010564C5]
	(No symbol) [0x01055E7D]
	(No symbol) [0x01055B5C]
	(No symbol) [0x01066923]
	(No symbol) [0x0104CAE3]
	(No symbol) [0x0104C1D5]
	(No symbol) [0x010B21CD]
	(No symbol) [0x010B1CEC]
	(No symbol) [0x010AB6F6]
	(No symbol) [0x01087708]
	(No symbol) [0x0108886D]
	GetHandleVerifier [0x01433EAE+2566302]
	GetHandleVerifier [0x014692B1+2784417]
	GetHandleVerifier [0x0146327C+2759788]
	GetHandleVerifier [0x01265740+672048]
	(No symbol) [0x01168872]
	(No symbol) [0x011641C8]
	(No symbol) [0x011642AB]
	(No symbol) [0x011571B7]
	BaseThreadInitThunk [0x76876359+25]
	RtlGetAppContainerNamedObjectPath [0x77B27A94+228]
	RtlGetAppContainerNamedObjectPath [0x77B27A64+180]

	at org.openqa.selenium.remote.W3CHandshakeResponse.lambda$errorHandler$0(W3CHandshakeResponse.java:62)
	at org.openqa.selenium.remote.HandshakeResponse.lambda$getResponseFunction$0(HandshakeResponse.java:30)
	at org.openqa.selenium.remote.ProtocolHandshake.lambda$createSession$0(ProtocolHandshake.java:126)
	at java.util.stream.ReferencePipeline$3$1.accept(ReferencePipeline.java:193)
	at java.util.Spliterators$ArraySpliterator.tryAdvance(Spliterators.java:958)
	at java.util.stream.ReferencePipeline.forEachWithCancel(ReferencePipeline.java:126)
	at java.util.stream.AbstractPipeline.copyIntoWithCancel(AbstractPipeline.java:498)
	at java.util.stream.AbstractPipeline.copyInto(AbstractPipeline.java:485)
	at java.util.stream.AbstractPipeline.wrapAndCopyInto(AbstractPipeline.java:471)
	at java.util.stream.FindOps$FindOp.evaluateSequential(FindOps.java:152)
	at java.util.stream.AbstractPipeline.evaluate(AbstractPipeline.java:234)
	at java.util.stream.ReferencePipeline.findFirst(ReferencePipeline.java:464)
	at org.openqa.selenium.remote.ProtocolHandshake.createSession(ProtocolHandshake.java:128)
	at org.openqa.selenium.remote.ProtocolHandshake.createSession(ProtocolHandshake.java:74)
	at org.openqa.selenium.remote.HttpCommandExecutor.execute(HttpCommandExecutor.java:136)
	at org.openqa.selenium.remote.service.DriverCommandExecutor.execute(DriverCommandExecutor.java:83)
	at org.openqa.selenium.remote.RemoteWebDriver.execute(RemoteWebDriver.java:552)
	at org.openqa.selenium.remote.RemoteWebDriver.startSession(RemoteWebDriver.java:213)
	at org.openqa.selenium.remote.RemoteWebDriver.&lt;init&gt;(RemoteWebDriver.java:131)
	at org.openqa.selenium.chrome.ChromeDriver.&lt;init&gt;(ChromeDriver.java:181)
	at org.openqa.selenium.chrome.ChromeDriver.&lt;init&gt;(ChromeDriver.java:168)
	at org.openqa.selenium.chrome.ChromeDriver.&lt;init&gt;(ChromeDriver.java:123)
	at Generic_Liberary.BaseClass.driver(BaseClass.java:95)
... Removed 26 stack frames</pre></div><a href='#' onClick='toggleBox("stack-trace1744607486", this, "Click to show all stack frames", "Click to hide stack frames")'>Click to show all stack frames</a>
<div class='stack-trace' id='stack-trace1744607486'><pre>org.openqa.selenium.WebDriverException: disconnected: received Inspector.detached event
  (failed to check if window was closed: disconnected: not connected to DevTools)
  (Session info: chrome=112.0.5615.138)
Build info: version: &apos;3.141.59&apos;, revision: &apos;e82be7d358&apos;, time: &apos;2018-11-14T08:17:03&apos;
System info: host: &apos;DESKTOP-4SLAKQP&apos;, ip: &apos;192.168.0.100&apos;, os.name: &apos;Windows 10&apos;, os.arch: &apos;amd64&apos;, os.version: &apos;10.0&apos;, java.version: &apos;1.8.0_202&apos;
Driver info: driver.version: ChromeDriver
remote stacktrace: Backtrace:
	GetHandleVerifier [0x011CDCE3+50899]
	(No symbol) [0x0115E111]
	(No symbol) [0x01065588]
	(No symbol) [0x01059257]
	(No symbol) [0x01058DEB]
	(No symbol) [0x01058275]
	(No symbol) [0x0105820C]
	(No symbol) [0x01056F06]
	(No symbol) [0x01057668]
	(No symbol) [0x01056685]
	(No symbol) [0x010613A6]
	(No symbol) [0x010564C5]
	(No symbol) [0x01057F2A]
	(No symbol) [0x01056F06]
	(No symbol) [0x01057668]
	(No symbol) [0x01056685]
	(No symbol) [0x0105ECE6]
	(No symbol) [0x010564C5]
	(No symbol) [0x01057F2A]
	(No symbol) [0x01056F06]
	(No symbol) [0x01057668]
	(No symbol) [0x01056685]
	(No symbol) [0x0105C7FB]
	(No symbol) [0x010564C5]
	(No symbol) [0x01057F2A]
	(No symbol) [0x01056F06]
	(No symbol) [0x01057668]
	(No symbol) [0x01056685]
	(No symbol) [0x01050E2F]
	(No symbol) [0x010564C5]
	(No symbol) [0x01055E7D]
	(No symbol) [0x01055B5C]
	(No symbol) [0x01066923]
	(No symbol) [0x0104CAE3]
	(No symbol) [0x0104C1D5]
	(No symbol) [0x010B21CD]
	(No symbol) [0x010B1CEC]
	(No symbol) [0x010AB6F6]
	(No symbol) [0x01087708]
	(No symbol) [0x0108886D]
	GetHandleVerifier [0x01433EAE+2566302]
	GetHandleVerifier [0x014692B1+2784417]
	GetHandleVerifier [0x0146327C+2759788]
	GetHandleVerifier [0x01265740+672048]
	(No symbol) [0x01168872]
	(No symbol) [0x011641C8]
	(No symbol) [0x011642AB]
	(No symbol) [0x011571B7]
	BaseThreadInitThunk [0x76876359+25]
	RtlGetAppContainerNamedObjectPath [0x77B27A94+228]
	RtlGetAppContainerNamedObjectPath [0x77B27A64+180]

	at sun.reflect.GeneratedConstructorAccessor45.newInstance(Unknown Source)
	at sun.reflect.DelegatingConstructorAccessorImpl.newInstance(DelegatingConstructorAccessorImpl.java:45)
	at java.lang.reflect.Constructor.newInstance(Constructor.java:423)
	at org.openqa.selenium.remote.W3CHandshakeResponse.lambda$errorHandler$0(W3CHandshakeResponse.java:62)
	at org.openqa.selenium.remote.HandshakeResponse.lambda$getResponseFunction$0(HandshakeResponse.java:30)
	at org.openqa.selenium.remote.ProtocolHandshake.lambda$createSession$0(ProtocolHandshake.java:126)
	at java.util.stream.ReferencePipeline$3$1.accept(ReferencePipeline.java:193)
	at java.util.Spliterators$ArraySpliterator.tryAdvance(Spliterators.java:958)
	at java.util.stream.ReferencePipeline.forEachWithCancel(ReferencePipeline.java:126)
	at java.util.stream.AbstractPipeline.copyIntoWithCancel(AbstractPipeline.java:498)
	at java.util.stream.AbstractPipeline.copyInto(AbstractPipeline.java:485)
	at java.util.stream.AbstractPipeline.wrapAndCopyInto(AbstractPipeline.java:471)
	at java.util.stream.FindOps$FindOp.evaluateSequential(FindOps.java:152)
	at java.util.stream.AbstractPipeline.evaluate(AbstractPipeline.java:234)
	at java.util.stream.ReferencePipeline.findFirst(ReferencePipeline.java:464)
	at org.openqa.selenium.remote.ProtocolHandshake.createSession(ProtocolHandshake.java:128)
	at org.openqa.selenium.remote.ProtocolHandshake.createSession(ProtocolHandshake.java:74)
	at org.openqa.selenium.remote.HttpCommandExecutor.execute(HttpCommandExecutor.java:136)
	at org.openqa.selenium.remote.service.DriverCommandExecutor.execute(DriverCommandExecutor.java:83)
	at org.openqa.selenium.remote.RemoteWebDriver.execute(RemoteWebDriver.java:552)
	at org.openqa.selenium.remote.RemoteWebDriver.startSession(RemoteWebDriver.java:213)
	at org.openqa.selenium.remote.RemoteWebDriver.&lt;init&gt;(RemoteWebDriver.java:131)
	at org.openqa.selenium.chrome.ChromeDriver.&lt;init&gt;(ChromeDriver.java:181)
	at org.openqa.selenium.chrome.ChromeDriver.&lt;init&gt;(ChromeDriver.java:168)
	at org.openqa.selenium.chrome.ChromeDriver.&lt;init&gt;(ChromeDriver.java:123)
	at Generic_Liberary.BaseClass.driver(BaseClass.java:95)
	at sun.reflect.GeneratedMethodAccessor13.invoke(Unknown Source)
	at sun.reflect.DelegatingMethodAccessorImpl.invoke(DelegatingMethodAccessorImpl.java:43)
	at java.lang.reflect.Method.invoke(Method.java:498)
	at org.testng.internal.MethodInvocationHelper.invokeMethod(MethodInvocationHelper.java:133)
	at org.testng.internal.MethodInvocationHelper.invokeMethodConsideringTimeout(MethodInvocationHelper.java:62)
	at org.testng.internal.ConfigInvoker.invokeConfigurationMethod(ConfigInvoker.java:385)
	at org.testng.internal.ConfigInvoker.invokeConfigurations(ConfigInvoker.java:321)
	at org.testng.TestRunner.invokeTestConfigurations(TestRunner.java:637)
	at org.testng.TestRunner.beforeRun(TestRunner.java:627)
	at org.testng.TestRunner.run(TestRunner.java:589)
	at org.testng.SuiteRunner.runTest(SuiteRunner.java:377)
	at org.testng.SuiteRunner.runSequentially(SuiteRunner.java:371)
	at org.testng.SuiteRunner.privateRun(SuiteRunner.java:332)
	at org.testng.SuiteRunner.run(SuiteRunner.java:276)
	at org.testng.SuiteRunnerWorker.runSuite(SuiteRunnerWorker.java:53)
	at org.testng.SuiteRunnerWorker.run(SuiteRunnerWorker.java:96)
	at org.testng.TestNG.runSuitesSequentially(TestNG.java:1212)
	at org.testng.TestNG.runSuitesLocally(TestNG.java:1134)
	at org.testng.TestNG.runSuites(TestNG.java:1063)
	at org.testng.TestNG.run(TestNG.java:1031)
	at org.testng.remote.AbstractRemoteTestNG.run(AbstractRemoteTestNG.java:115)
	at org.testng.remote.RemoteTestNG.initAndRun(RemoteTestNG.java:251)
	at org.testng.remote.RemoteTestNG.main(RemoteTestNG.java:77)
</pre></div></td>
<td>0</td>
<td>physicalRisk.DropdownSubControlNameIfManagementRadioButtonAndPlanningOptionSelected@5db45159</td></tr>
</table><p>
</body>
</html>