<?xml version="1.0" encoding="UTF-8"?>
<!-- Generated by org.testng.reporters.JUnitXMLReporter -->
<testsuite hostname="DESKTOP-4SLAKQP" ignored="0" name="To Verify All The Labels In Hardware Asset" tests="11" failures="0" timestamp="2023-05-08T18:04:22 IST" time="9.696" errors="0">
  <testcase name="@BeforeTest driver" time="9.302" classname="Generic_Liberary.BaseClass">
    <failure type="org.openqa.selenium.WebDriverException" message="unknown error: net::ERR_INTERNET_DISCONNECTED
  (Session info: chrome=112.0.5615.138)
Build info: version: &amp;apos;3.141.59&amp;apos;, revision: &amp;apos;e82be7d358&amp;apos;, time: &amp;apos;2018-11-14T08:17:03&amp;apos;
System info: host: &amp;apos;DESKTOP-4SLAKQP&amp;apos;, ip: &amp;apos;192.168.0.100&amp;apos;, os.name: &amp;apos;Windows 10&amp;apos;, os.arch: &amp;apos;amd64&amp;apos;, os.version: &amp;apos;10.0&amp;apos;, java.version: &amp;apos;1.8.0_202&amp;apos;
Driver info: org.openqa.selenium.chrome.ChromeDriver
Capabilities {acceptInsecureCerts: false, browserName: chrome, browserVersion: 112.0.5615.138, chrome: {chromedriverVersion: 112.0.5615.49 (bd2a7bcb881c..., userDataDir: C:\Users\USER\AppData\Local...}, goog:chromeOptions: {debuggerAddress: localhost:58946}, javascriptEnabled: true, networkConnectionEnabled: false, pageLoadStrategy: normal, platform: WINDOWS, platformName: WINDOWS, proxy: Proxy(), setWindowRect: true, strictFileInteractability: false, timeouts: {implicit: 0, pageLoad: 300000, script: 30000}, unhandledPromptBehavior: dismiss and notify, webauthn:extension:credBlob: true, webauthn:extension:largeBlob: true, webauthn:extension:minPinLength: true, webauthn:extension:prf: true, webauthn:virtualAuthenticators: true}
Session ID: f350f69852cb36684e036bf24d92c5cb">
      <![CDATA[org.openqa.selenium.WebDriverException: unknown error: net::ERR_INTERNET_DISCONNECTED
  (Session info: chrome=112.0.5615.138)
Build info: version: '3.141.59', revision: 'e82be7d358', time: '2018-11-14T08:17:03'
System info: host: 'DESKTOP-4SLAKQP', ip: '192.168.0.100', os.name: 'Windows 10', os.arch: 'amd64', os.version: '10.0', java.version: '1.8.0_202'
Driver info: org.openqa.selenium.chrome.ChromeDriver
Capabilities {acceptInsecureCerts: false, browserName: chrome, browserVersion: 112.0.5615.138, chrome: {chromedriverVersion: 112.0.5615.49 (bd2a7bcb881c..., userDataDir: C:\Users\USER\AppData\Local...}, goog:chromeOptions: {debuggerAddress: localhost:58946}, javascriptEnabled: true, networkConnectionEnabled: false, pageLoadStrategy: normal, platform: WINDOWS, platformName: WINDOWS, proxy: Proxy(), setWindowRect: true, strictFileInteractability: false, timeouts: {implicit: 0, pageLoad: 300000, script: 30000}, unhandledPromptBehavior: dismiss and notify, webauthn:extension:credBlob: true, webauthn:extension:largeBlob: true, webauthn:extension:minPinLength: true, webauthn:extension:prf: true, webauthn:virtualAuthenticators: true}
Session ID: f350f69852cb36684e036bf24d92c5cb
at org.openqa.selenium.remote.http.W3CHttpResponseCodec.createException(W3CHttpResponseCodec.java:187)
at org.openqa.selenium.remote.http.W3CHttpResponseCodec.decode(W3CHttpResponseCodec.java:122)
at org.openqa.selenium.remote.http.W3CHttpResponseCodec.decode(W3CHttpResponseCodec.java:49)
at org.openqa.selenium.remote.HttpCommandExecutor.execute(HttpCommandExecutor.java:158)
at org.openqa.selenium.remote.service.DriverCommandExecutor.execute(DriverCommandExecutor.java:83)
at org.openqa.selenium.remote.RemoteWebDriver.execute(RemoteWebDriver.java:552)
at org.openqa.selenium.remote.RemoteWebDriver.get(RemoteWebDriver.java:277)
at Generic_Liberary.BaseClass.driver(BaseClass.java:150)
... Removed 27 stack frames]]>
    </failure>
  </testcase> <!-- @BeforeTest driver -->
  <testcase name="@AfterMethod checkResult" time="-1.683549261662E9" classname="Generic_Liberary.BaseClass">
    <skipped/>
  </testcase> <!-- @AfterMethod checkResult -->
  <testcase name="@AfterMethod checkResult" time="-1.683549261693E9" classname="Generic_Liberary.BaseClass">
    <skipped/>
  </testcase> <!-- @AfterMethod checkResult -->
  <testcase name="@AfterMethod checkResult" time="-1.683549261707E9" classname="Generic_Liberary.BaseClass">
    <skipped/>
  </testcase> <!-- @AfterMethod checkResult -->
  <testcase name="@AfterMethod checkResult" time="-1.683549261725E9" classname="Generic_Liberary.BaseClass">
    <skipped/>
  </testcase> <!-- @AfterMethod checkResult -->
  <testcase name="@AfterMethod checkResult" time="-1.683549261751E9" classname="Generic_Liberary.BaseClass">
    <skipped/>
  </testcase> <!-- @AfterMethod checkResult -->
  <testcase name="@AfterMethod checkResult" time="-1.683549261777E9" classname="Generic_Liberary.BaseClass">
    <skipped/>
  </testcase> <!-- @AfterMethod checkResult -->
  <testcase name="@AfterMethod checkResult" time="-1.683549261787E9" classname="Generic_Liberary.BaseClass">
    <skipped/>
  </testcase> <!-- @AfterMethod checkResult -->
  <testcase name="@AfterMethod checkResult" time="-1.683549261799E9" classname="Generic_Liberary.BaseClass">
    <skipped/>
  </testcase> <!-- @AfterMethod checkResult -->
  <testcase name="@AfterMethod checkResult" time="-1.683549261931E9" classname="Generic_Liberary.BaseClass">
    <skipped/>
  </testcase> <!-- @AfterMethod checkResult -->
  <testcase name="@AfterMethod checkResult" time="-1.683549261941E9" classname="Generic_Liberary.BaseClass">
    <skipped/>
  </testcase> <!-- @AfterMethod checkResult -->
  <testcase name="@AfterMethod checkResult" time="-1.683549261975E9" classname="Generic_Liberary.BaseClass">
    <skipped/>
  </testcase> <!-- @AfterMethod checkResult -->
  <testcase name="@AfterTest quit" time="-1.683549261986E9" classname="Generic_Liberary.BaseClass">
    <skipped/>
  </testcase> <!-- @AfterTest quit -->
  <testcase name="assetIdLabelInHardwareAsset" time="0.0" classname="technologyRisk.ToVerifyAllTheLabelsInHardwareAssetPage">
    <skipped/>
  </testcase> <!-- assetIdLabelInHardwareAsset -->
  <testcase name="assetClassLabelInHardwareAsset" time="0.0" classname="technologyRisk.ToVerifyAllTheLabelsInHardwareAssetPage">
    <skipped/>
  </testcase> <!-- assetClassLabelInHardwareAsset -->
  <testcase name="HostNameLabelInHardwreAsset" time="0.0" classname="technologyRisk.ToVerifyAllTheLabelsInHardwareAssetPage">
    <skipped/>
  </testcase> <!-- HostNameLabelInHardwreAsset -->
  <testcase name="makeLabelInHardwareAsset" time="0.0" classname="technologyRisk.ToVerifyAllTheLabelsInHardwareAssetPage">
    <skipped/>
  </testcase> <!-- makeLabelInHardwareAsset -->
  <testcase name="descriptionLabelInHardwareAsset" time="0.0" classname="technologyRisk.ToVerifyAllTheLabelsInHardwareAssetPage">
    <skipped/>
  </testcase> <!-- descriptionLabelInHardwareAsset -->
  <testcase name="hardwareCriticalityLabelInHardwareAsset" time="0.0" classname="technologyRisk.ToVerifyAllTheLabelsInHardwareAssetPage">
    <skipped/>
  </testcase> <!-- hardwareCriticalityLabelInHardwareAsset -->
  <testcase name="typeLabelInHardwareAsset" time="0.0" classname="technologyRisk.ToVerifyAllTheLabelsInHardwareAssetPage">
    <skipped/>
  </testcase> <!-- typeLabelInHardwareAsset -->
  <testcase name="riskAssessFrequencyLabelInHardwareAsset" time="0.0" classname="technologyRisk.ToVerifyAllTheLabelsInHardwareAssetPage">
    <skipped/>
  </testcase> <!-- riskAssessFrequencyLabelInHardwareAsset -->
  <testcase name="businessFunctionLabelInHardwareAsset" time="0.0" classname="technologyRisk.ToVerifyAllTheLabelsInHardwareAssetPage">
    <skipped/>
  </testcase> <!-- businessFunctionLabelInHardwareAsset -->
  <testcase name="systemOwnerLabelInHardwareAsset" time="0.0" classname="technologyRisk.ToVerifyAllTheLabelsInHardwareAssetPage">
    <skipped/>
  </testcase> <!-- systemOwnerLabelInHardwareAsset -->
  <testcase name="departmentFunctionLabelInHardwareAsset" time="0.0" classname="technologyRisk.ToVerifyAllTheLabelsInHardwareAssetPage">
    <skipped/>
  </testcase> <!-- departmentFunctionLabelInHardwareAsset -->
</testsuite> <!-- To Verify All The Labels In Hardware Asset -->
