<?xml version="1.0" encoding="UTF-8"?>
<!-- Generated by org.testng.reporters.JUnitXMLReporter -->
<testsuite ignored="0" hostname="TYSS-Shashank" failures="3" tests="70" name="Test" time="215.142" errors="0" timestamp="2023-04-24T23:02:22 IST">
  <testcase classname="Generic_Liberary.BaseClass" name="@BeforeClass driver" time="3.576">
    <failure type="org.openqa.selenium.WebDriverException" message="unknown error: cannot determine loading status
from no such window
  (Session info: chrome=112.0.5615.87)
Build info: version: &amp;apos;3.141.59&amp;apos;, revision: &amp;apos;e82be7d358&amp;apos;, time: &amp;apos;2018-11-14T08:17:03&amp;apos;
System info: host: &amp;apos;TYSS-SHASHANK&amp;apos;, ip: &amp;apos;192.168.0.110&amp;apos;, os.name: &amp;apos;Windows 11&amp;apos;, os.arch: &amp;apos;amd64&amp;apos;, os.version: &amp;apos;10.0&amp;apos;, java.version: &amp;apos;17.0.6&amp;apos;
Driver info: org.openqa.selenium.chrome.ChromeDriver
Capabilities {acceptInsecureCerts: false, browserName: chrome, browserVersion: 112.0.5615.87, chrome: {chromedriverVersion: 112.0.5615.49 (bd2a7bcb881c..., userDataDir: C:\Users\User\AppData\Local...}, goog:chromeOptions: {debuggerAddress: localhost:55053}, javascriptEnabled: true, networkConnectionEnabled: false, pageLoadStrategy: normal, platform: WINDOWS, platformName: WINDOWS, proxy: Proxy(), setWindowRect: true, strictFileInteractability: false, timeouts: {implicit: 0, pageLoad: 300000, script: 30000}, unhandledPromptBehavior: dismiss and notify, webauthn:extension:credBlob: true, webauthn:extension:largeBlob: true, webauthn:extension:minPinLength: true, webauthn:extension:prf: true, webauthn:virtualAuthenticators: true}
Session ID: 4a7284d56439250fe0526bb49c224c9f">
      <![CDATA[org.openqa.selenium.WebDriverException: unknown error: cannot determine loading status
from no such window
  (Session info: chrome=112.0.5615.87)
Build info: version: '3.141.59', revision: 'e82be7d358', time: '2018-11-14T08:17:03'
System info: host: 'TYSS-SHASHANK', ip: '192.168.0.110', os.name: 'Windows 11', os.arch: 'amd64', os.version: '10.0', java.version: '17.0.6'
Driver info: org.openqa.selenium.chrome.ChromeDriver
Capabilities {acceptInsecureCerts: false, browserName: chrome, browserVersion: 112.0.5615.87, chrome: {chromedriverVersion: 112.0.5615.49 (bd2a7bcb881c..., userDataDir: C:\Users\User\AppData\Local...}, goog:chromeOptions: {debuggerAddress: localhost:55053}, javascriptEnabled: true, networkConnectionEnabled: false, pageLoadStrategy: normal, platform: WINDOWS, platformName: WINDOWS, proxy: Proxy(), setWindowRect: true, strictFileInteractability: false, timeouts: {implicit: 0, pageLoad: 300000, script: 30000}, unhandledPromptBehavior: dismiss and notify, webauthn:extension:credBlob: true, webauthn:extension:largeBlob: true, webauthn:extension:minPinLength: true, webauthn:extension:prf: true, webauthn:virtualAuthenticators: true}
Session ID: 4a7284d56439250fe0526bb49c224c9f
at org.openqa.selenium.remote.http.W3CHttpResponseCodec.createException(W3CHttpResponseCodec.java:187)
at org.openqa.selenium.remote.http.W3CHttpResponseCodec.decode(W3CHttpResponseCodec.java:122)
at org.openqa.selenium.remote.http.W3CHttpResponseCodec.decode(W3CHttpResponseCodec.java:49)
at org.openqa.selenium.remote.HttpCommandExecutor.execute(HttpCommandExecutor.java:158)
at org.openqa.selenium.remote.service.DriverCommandExecutor.execute(DriverCommandExecutor.java:83)
at org.openqa.selenium.remote.RemoteWebDriver.execute(RemoteWebDriver.java:552)
at org.openqa.selenium.remote.RemoteWebDriver.execute(RemoteWebDriver.java:609)
at org.openqa.selenium.remote.RemoteWebDriver$RemoteWebDriverOptions$RemoteWindow.maximize(RemoteWebDriver.java:837)
at Generic_Liberary.BaseClass.driver(BaseClass.java:93)
at java.base/java.util.concurrent.ThreadPoolExecutor.runWorker(ThreadPoolExecutor.java:1136)
at java.base/java.util.concurrent.ThreadPoolExecutor$Worker.run(ThreadPoolExecutor.java:635)
at java.base/java.lang.Thread.run(Thread.java:833)
... Removed 15 stack frames]]>
    </failure>
  </testcase> <!-- @BeforeClass driver -->
  <testcase classname="Generic_Liberary.BaseClass" name="@AfterClass quit" time="-1.682357390033E9">
    <skipped/>
  </testcase> <!-- @AfterClass quit -->
  <testcase classname="Hipaa.DropdownImpactLevel" name="impactLevelDropdown" time="7.567"/>
  <testcase classname="Hipaa.ToVerifyAllTheLabelsInSoftwareAssetPage" name="assetClassLabel" time="6.598">
    <failure type="org.openqa.selenium.NoSuchElementException" message="no such element: Unable to locate element: {&amp;quot;method&amp;quot;:&amp;quot;xpath&amp;quot;,&amp;quot;selector&amp;quot;:&amp;quot;//label[contains(@for,&amp;apos;AssetC&amp;apos;)]&amp;quot;}
  (Session info: chrome=112.0.5615.87)
For documentation on this error, please visit: https://www.seleniumhq.org/exceptions/no_such_element.html
Build info: version: &amp;apos;3.141.59&amp;apos;, revision: &amp;apos;e82be7d358&amp;apos;, time: &amp;apos;2018-11-14T08:17:03&amp;apos;
System info: host: &amp;apos;TYSS-SHASHANK&amp;apos;, ip: &amp;apos;192.168.0.110&amp;apos;, os.name: &amp;apos;Windows 11&amp;apos;, os.arch: &amp;apos;amd64&amp;apos;, os.version: &amp;apos;10.0&amp;apos;, java.version: &amp;apos;17.0.6&amp;apos;
Driver info: org.openqa.selenium.chrome.ChromeDriver
Capabilities {acceptInsecureCerts: false, browserName: chrome, browserVersion: 112.0.5615.87, chrome: {chromedriverVersion: 112.0.5615.49 (bd2a7bcb881c..., userDataDir: C:\Users\User\AppData\Local...}, goog:chromeOptions: {debuggerAddress: localhost:54741}, javascriptEnabled: true, networkConnectionEnabled: false, pageLoadStrategy: normal, platform: WINDOWS, platformName: WINDOWS, proxy: Proxy(), setWindowRect: true, strictFileInteractability: false, timeouts: {implicit: 0, pageLoad: 300000, script: 30000}, unhandledPromptBehavior: dismiss and notify, webauthn:extension:credBlob: true, webauthn:extension:largeBlob: true, webauthn:extension:minPinLength: true, webauthn:extension:prf: true, webauthn:virtualAuthenticators: true}
Session ID: 72d0e2a3e5ec8d17a4ff86bb0d94c36a
*** Element info: {Using=xpath, value=//label[contains(@for,&amp;apos;AssetC&amp;apos;)]}">
      <![CDATA[org.openqa.selenium.NoSuchElementException: no such element: Unable to locate element: {"method":"xpath","selector":"//label[contains(@for,'AssetC')]"}
  (Session info: chrome=112.0.5615.87)
For documentation on this error, please visit: https://www.seleniumhq.org/exceptions/no_such_element.html
Build info: version: '3.141.59', revision: 'e82be7d358', time: '2018-11-14T08:17:03'
System info: host: 'TYSS-SHASHANK', ip: '192.168.0.110', os.name: 'Windows 11', os.arch: 'amd64', os.version: '10.0', java.version: '17.0.6'
Driver info: org.openqa.selenium.chrome.ChromeDriver
Capabilities {acceptInsecureCerts: false, browserName: chrome, browserVersion: 112.0.5615.87, chrome: {chromedriverVersion: 112.0.5615.49 (bd2a7bcb881c..., userDataDir: C:\Users\User\AppData\Local...}, goog:chromeOptions: {debuggerAddress: localhost:54741}, javascriptEnabled: true, networkConnectionEnabled: false, pageLoadStrategy: normal, platform: WINDOWS, platformName: WINDOWS, proxy: Proxy(), setWindowRect: true, strictFileInteractability: false, timeouts: {implicit: 0, pageLoad: 300000, script: 30000}, unhandledPromptBehavior: dismiss and notify, webauthn:extension:credBlob: true, webauthn:extension:largeBlob: true, webauthn:extension:minPinLength: true, webauthn:extension:prf: true, webauthn:virtualAuthenticators: true}
Session ID: 72d0e2a3e5ec8d17a4ff86bb0d94c36a
*** Element info: {Using=xpath, value=//label[contains(@for,'AssetC')]}
at org.openqa.selenium.remote.http.W3CHttpResponseCodec.createException(W3CHttpResponseCodec.java:187)
at org.openqa.selenium.remote.http.W3CHttpResponseCodec.decode(W3CHttpResponseCodec.java:122)
at org.openqa.selenium.remote.http.W3CHttpResponseCodec.decode(W3CHttpResponseCodec.java:49)
at org.openqa.selenium.remote.HttpCommandExecutor.execute(HttpCommandExecutor.java:158)
at org.openqa.selenium.remote.service.DriverCommandExecutor.execute(DriverCommandExecutor.java:83)
at org.openqa.selenium.remote.RemoteWebDriver.execute(RemoteWebDriver.java:552)
at org.openqa.selenium.remote.RemoteWebDriver.findElement(RemoteWebDriver.java:323)
at org.openqa.selenium.remote.RemoteWebDriver.findElementByXPath(RemoteWebDriver.java:428)
at org.openqa.selenium.By$ByXPath.findElement(By.java:353)
at org.openqa.selenium.remote.RemoteWebDriver.findElement(RemoteWebDriver.java:315)
at org.openqa.selenium.support.pagefactory.DefaultElementLocator.findElement(DefaultElementLocator.java:69)
at org.openqa.selenium.support.pagefactory.internal.LocatingElementHandler.invoke(LocatingElementHandler.java:38)
at jdk.proxy2/jdk.proxy2.$Proxy16.isDisplayed(Unknown Source)
at Hipaa.ToVerifyAllTheLabelsInSoftwareAssetPage.assetClassLabel(ToVerifyAllTheLabelsInSoftwareAssetPage.java:35)
at java.base/java.util.concurrent.ThreadPoolExecutor.runWorker(ThreadPoolExecutor.java:1136)
at java.base/java.util.concurrent.ThreadPoolExecutor$Worker.run(ThreadPoolExecutor.java:635)
at java.base/java.lang.Thread.run(Thread.java:833)
... Removed 17 stack frames]]>
    </failure>
  </testcase> <!-- assetClassLabel -->
  <testcase classname="Hipaa.ToUpdateSelfRiskAssessmentQuestion" name="addNewSelfRiskAssessment" time="14.514"/>
  <testcase classname="Hipaa.ToVerifyAllTheLabelsInSoftwareAssetPage" name="assetId" time="7.787"/>
  <testcase classname="Hipaa.ToVerifyAllTheLabelsInSoftwareAssetPage" name="nameOfApplicationLabel" time="0.338"/>
  <testcase classname="Hipaa.ToVerifyAllTheLabelsInSoftwareAssetPage" name="operatingSystemLabel" time="0.176"/>
  <testcase classname="Hipaa.ToVerifyAllTheLabelsInSoftwareAssetPage" name="descriptionLabel" time="0.151"/>
  <testcase classname="Hipaa.ToVerifyAllTheLabelsInSoftwareAssetPage" name="sharedLabel" time="0.611"/>
  <testcase classname="Hipaa.ToVerifyAllTheLabelsInSoftwareAssetPage" name="applicationCriticalityLabel" time="0.25"/>
  <testcase classname="Hipaa.ToVerifyAllTheLabelsInSoftwareAssetPage" name="dataClassificationLabel" time="0.151"/>
  <testcase classname="Hipaa.ToVerifyAllTheLabelsInSoftwareAssetPage" name="riskAssessFrequencyLabel" time="0.248"/>
  <testcase classname="Hipaa.ToVerifyAllTheLabelsInSoftwareAssetPage" name="businessFunctionLabel" time="0.325"/>
  <testcase classname="Hipaa.ToVerifyAllTheLabelsInSoftwareAssetPage" name="systemOwnerLabel" time="0.325"/>
  <testcase classname="Hipaa.ToVerifyAllTheLabelsInSoftwareAssetPage" name="departmentFunctionLabel" time="0.263"/>
  <testcase classname="Hipaa.ToCreateNewSoftwareAsset" name="newSoftwareAsset" time="23.401"/>
  <testcase classname="Hipaa.ToCreateNewHardwareAsset" name="createNewHardwareAsset" time="37.401"/>
  <testcase classname="Hipaa.DropdownProbabilityofOccurance" name="probabilityOfOcuuranceDropdown" time="7.25"/>
  <testcase classname="Hipaa.ToVerifyLeftNavigationBarFunctionality" name="technologyRiskNavBar" time="0.0">
    <skipped/>
  </testcase> <!-- technologyRiskNavBar -->
  <testcase classname="Hipaa.DropdownRisInput" name="risInputDropdown" time="8.995"/>
  <testcase classname="Hipaa.DropdownRiskImpactCategory" name="riskImpactCatrgoryDropdown" time="17.957"/>
  <testcase classname="Hipaa.DropdownThreatSource" name="threatSourceDropdown" time="9.554"/>
  <testcase classname="Hipaa.ToVerifyAllTheLabelsInHardwareAssetPage" name="assetId" time="6.673"/>
  <testcase classname="Hipaa.ToVerifyAllTheLabelsInHardwareAssetPage" name="assetClassLabel" time="0.127"/>
  <testcase classname="Hipaa.ToVerifyAllTheLabelsInNewRiskPage" name="riskId" time="4.61"/>
  <testcase classname="Hipaa.ToVerifyAllTheLabelsInNewRiskPage" name="departmentName" time="0.107"/>
  <testcase classname="Hipaa.ToVerifyAllTheLabelsInNewRiskPage" name="entityName" time="0.092"/>
  <testcase classname="Hipaa.ToVerifyAllTheLabelsInNewRiskPage" name="assessor" time="0.115"/>
  <testcase classname="Hipaa.ToVerifyAllTheLabelsInNewRiskPage" name="assessed" time="0.063"/>
  <testcase classname="Hipaa.ToVerifyAllTheLabelsInNewRiskPage" name="riskInput" time="0.056"/>
  <testcase classname="Hipaa.ToVerifyAllTheLabelsInNewRiskPage" name="threatSource" time="0.078"/>
  <testcase classname="Hipaa.ToVerifyAllTheLabelsInNewRiskPage" name="riskDescription" time="0.098"/>
  <testcase classname="Hipaa.ToVerifyAllTheLabelsInNewRiskPage" name="existingControls" time="0.079"/>
  <testcase classname="Hipaa.ToVerifyAllTheLabelsInNewRiskPage" name="riskImpactCategory" time="0.077"/>
  <testcase classname="Hipaa.ToVerifyAllTheLabelsInNewRiskPage" name="probabilityOfOccurance" time="0.072"/>
  <testcase classname="Hipaa.ToVerifyAllTheLabelsInNewRiskPage" name="impactLevel" time="0.069"/>
  <testcase classname="Hipaa.ToVerifyAllTheLabelsInNewRiskPage" name="riskExposureLevel" time="0.058"/>
  <testcase classname="Hipaa.ToVerifyAllTheLabelsInNewRiskPage" name="selectControlClass" time="0.056"/>
  <testcase classname="Hipaa.ToVerifyAllTheLabelsInNewRiskPage" name="controlName" time="0.063"/>
  <testcase classname="Hipaa.ToVerifyAllTheLabelsInNewRiskPage" name="subControlName" time="0.074"/>
  <testcase classname="Hipaa.ToVerifyAllTheLabelsInNewRiskPage" name="description" time="0.06"/>
  <testcase classname="Hipaa.ToVerifyAllTheLabelsInNewRiskPage" name="newControls" time="0.09"/>
  <testcase classname="Hipaa.ToVerifyAllTheLabelsInNewRiskPage" name="responsible" time="0.09"/>
  <testcase classname="Hipaa.ToVerifyAllTheLabelsInNewRiskPage" name="targetDate" time="0.073"/>
  <testcase classname="Hipaa.ToVerifyAllTheLabelsInNewRiskPage" name="targetQuarter" time="0.088"/>
  <testcase classname="Hipaa.ToVerifyAllTheLabelsInNewRiskPage" name="responsibleDept" time="0.066"/>
  <testcase classname="Hipaa.ToVerifyAllTheLabelsInNewRiskPage" name="riskResponse" time="0.055"/>
  <testcase classname="Hipaa.ToVerifyAllTheLabelsInNewRiskPage" name="status" time="0.072"/>
  <testcase classname="Hipaa.ToVerifyAllTheLabelsInNewRiskPage" name="closedDate" time="0.053"/>
  <testcase classname="Hipaa.ToCreateANewTechnologyRiskAssessment" name="newTchnologyRiskAssessment" time="67.091"/>
  <testcase classname="Hipaa.ToVerifyAllTheDropdownOptionsInNewRiskPage" name="riskAssetClassDropdown" time="8.72"/>
  <testcase classname="Hipaa.ToVerifyAllTheDropdownOptionsInNewRiskPage" name="risInputDropdown" time="0.57"/>
  <testcase classname="Hipaa.ToVerifyAllTheDropdownOptionsInNewRiskPage" name="threatSourceDropdown" time="0.516"/>
  <testcase classname="Hipaa.ToVerifyAllTheDropdownOptionsInNewRiskPage" name="riskImpactDropdown" time="0.498"/>
  <testcase classname="Hipaa.ToVerifyAllTheDropdownOptionsInNewRiskPage" name="probabilityOfOccuranceDropdown" time="0.582"/>
  <testcase classname="Hipaa.ToVerifyAllTheLabelsInHardwareAssetPage" name="HostNameLabel" time="21.63">
    <failure type="org.openqa.selenium.TimeoutException" message="Expected condition failed: waiting for visibility of Proxy element for: DefaultElementLocator &amp;apos;By.xpath: //label[text()=&amp;apos;Name of Application&amp;apos;]&amp;apos; (tried for 15 second(s) with 500 milliseconds interval)">
      <![CDATA[org.openqa.selenium.TimeoutException: Expected condition failed: waiting for visibility of Proxy element for: DefaultElementLocator 'By.xpath: //label[text()='Name of Application']' (tried for 15 second(s) with 500 milliseconds interval)
at org.openqa.selenium.support.ui.WebDriverWait.timeoutException(WebDriverWait.java:95)
at org.openqa.selenium.support.ui.FluentWait.until(FluentWait.java:272)
at Hipaa.ToVerifyAllTheLabelsInHardwareAssetPage.HostNameLabel(ToVerifyAllTheLabelsInHardwareAssetPage.java:44)
at java.base/java.util.concurrent.ThreadPoolExecutor.runWorker(ThreadPoolExecutor.java:1136)
at java.base/java.util.concurrent.ThreadPoolExecutor$Worker.run(ThreadPoolExecutor.java:635)
at java.base/java.lang.Thread.run(Thread.java:833)
Caused by: org.openqa.selenium.NoSuchElementException: no such element: Unable to locate element: {"method":"xpath","selector":"//label[text()='Name of Application']"}
  (Session info: chrome=112.0.5615.87)
For documentation on this error, please visit: https://www.seleniumhq.org/exceptions/no_such_element.html
Build info: version: '3.141.59', revision: 'e82be7d358', time: '2018-11-14T08:17:03'
System info: host: 'TYSS-SHASHANK', ip: '192.168.0.110', os.name: 'Windows 11', os.arch: 'amd64', os.version: '10.0', java.version: '17.0.6'
Driver info: org.openqa.selenium.chrome.ChromeDriver
Capabilities {acceptInsecureCerts: false, browserName: chrome, browserVersion: 112.0.5615.87, chrome: {chromedriverVersion: 112.0.5615.49 (bd2a7bcb881c..., userDataDir: C:\Users\User\AppData\Local...}, goog:chromeOptions: {debuggerAddress: localhost:55151}, javascriptEnabled: true, networkConnectionEnabled: false, pageLoadStrategy: normal, platform: WINDOWS, platformName: WINDOWS, proxy: Proxy(), setWindowRect: true, strictFileInteractability: false, timeouts: {implicit: 0, pageLoad: 300000, script: 30000}, unhandledPromptBehavior: dismiss and notify, webauthn:extension:credBlob: true, webauthn:extension:largeBlob: true, webauthn:extension:minPinLength: true, webauthn:extension:prf: true, webauthn:virtualAuthenticators: true}
Session ID: 5caf82ea9f17495356c11fbc0d5f9506
*** Element info: {Using=xpath, value=//label[text()='Name of Application']}
at org.openqa.selenium.remote.http.W3CHttpResponseCodec.createException(W3CHttpResponseCodec.java:187)
at org.openqa.selenium.remote.http.W3CHttpResponseCodec.decode(W3CHttpResponseCodec.java:122)
at org.openqa.selenium.remote.http.W3CHttpResponseCodec.decode(W3CHttpResponseCodec.java:49)
at org.openqa.selenium.remote.HttpCommandExecutor.execute(HttpCommandExecutor.java:158)
at org.openqa.selenium.remote.service.DriverCommandExecutor.execute(DriverCommandExecutor.java:83)
at org.openqa.selenium.remote.RemoteWebDriver.execute(RemoteWebDriver.java:552)
at org.openqa.selenium.remote.RemoteWebDriver.findElement(RemoteWebDriver.java:323)
at org.openqa.selenium.remote.RemoteWebDriver.findElementByXPath(RemoteWebDriver.java:428)
at org.openqa.selenium.By$ByXPath.findElement(By.java:353)
at org.openqa.selenium.remote.RemoteWebDriver.findElement(RemoteWebDriver.java:315)
at org.openqa.selenium.support.pagefactory.DefaultElementLocator.findElement(DefaultElementLocator.java:69)
at org.openqa.selenium.support.pagefactory.internal.LocatingElementHandler.invoke(LocatingElementHandler.java:38)
at jdk.proxy2/jdk.proxy2.$Proxy16.isDisplayed(Unknown Source)
at org.openqa.selenium.support.ui.ExpectedConditions.elementIfVisible(ExpectedConditions.java:314)
at org.openqa.selenium.support.ui.ExpectedConditions.access$000(ExpectedConditions.java:43)
at org.openqa.selenium.support.ui.ExpectedConditions$10.apply(ExpectedConditions.java:300)
at org.openqa.selenium.support.ui.ExpectedConditions$10.apply(ExpectedConditions.java:297)
at org.openqa.selenium.support.ui.FluentWait.until(FluentWait.java:249)
... 16 more
... Removed 17 stack frames]]>
    </failure>
  </testcase> <!-- HostNameLabel -->
  <testcase classname="Hipaa.ToVerifyAllTheLabelsInHardwareAssetPage" name="makeLabel" time="0.13"/>
  <testcase classname="Hipaa.ToVerifyAllTheLabelsInHardwareAssetPage" name="descriptionLabel" time="0.137"/>
  <testcase classname="Hipaa.ToVerifyAllTheLabelsInHardwareAssetPage" name="hardwareCriticalityLabel" time="0.144"/>
  <testcase classname="Hipaa.ToVerifyAllTheLabelsInHardwareAssetPage" name="type" time="0.135"/>
  <testcase classname="Hipaa.ToVerifyAllTheLabelsInHardwareAssetPage" name="riskAssessFrequencyLabel" time="0.139"/>
  <testcase classname="Hipaa.ToVerifyAllTheDropdownOptionsInNewRiskPage" name="impactLevelDropdown" time="0.788"/>
  <testcase classname="Hipaa.ToVerifyAllTheLabelsInHardwareAssetPage" name="businessFunctionLabel" time="0.149"/>
  <testcase classname="Hipaa.ToVerifyAllTheLabelsInHardwareAssetPage" name="systemOwnerLabel" time="0.159"/>
  <testcase classname="Hipaa.ToVerifyAllTheLabelsInHardwareAssetPage" name="departmentFunctionLabel" time="0.136"/>
  <testcase classname="Hipaa.TableCollpaseFunctionality" name="verifyTableCollapseOnTechnologyRiskAssessmentPage" time="38.082">
    <failure type="org.openqa.selenium.TimeoutException" message="Expected condition failed: waiting for element to be clickable: Proxy element for: DefaultElementLocator &amp;apos;By.xpath: (//a[@class=&amp;apos;accordion-toggle risk-panel collapsed&amp;apos;])[2]&amp;apos; (tried for 15 second(s) with 500 milliseconds interval)">
      <![CDATA[org.openqa.selenium.TimeoutException: Expected condition failed: waiting for element to be clickable: Proxy element for: DefaultElementLocator 'By.xpath: (//a[@class='accordion-toggle risk-panel collapsed'])[2]' (tried for 15 second(s) with 500 milliseconds interval)
at org.openqa.selenium.support.ui.WebDriverWait.timeoutException(WebDriverWait.java:95)
at org.openqa.selenium.support.ui.FluentWait.until(FluentWait.java:272)
at Hipaa.TableCollpaseFunctionality.verifyTableCollapseOnTechnologyRiskAssessmentPage(TableCollpaseFunctionality.java:40)
at java.base/java.util.concurrent.ThreadPoolExecutor.runWorker(ThreadPoolExecutor.java:1136)
at java.base/java.util.concurrent.ThreadPoolExecutor$Worker.run(ThreadPoolExecutor.java:635)
at java.base/java.lang.Thread.run(Thread.java:833)
Caused by: org.openqa.selenium.NoSuchElementException: no such element: Unable to locate element: {"method":"xpath","selector":"(//a[@class='accordion-toggle risk-panel collapsed'])[2]"}
  (Session info: chrome=112.0.5615.87)
For documentation on this error, please visit: https://www.seleniumhq.org/exceptions/no_such_element.html
Build info: version: '3.141.59', revision: 'e82be7d358', time: '2018-11-14T08:17:03'
System info: host: 'TYSS-SHASHANK', ip: '192.168.0.110', os.name: 'Windows 11', os.arch: 'amd64', os.version: '10.0', java.version: '17.0.6'
Driver info: org.openqa.selenium.chrome.ChromeDriver
Capabilities {acceptInsecureCerts: false, browserName: chrome, browserVersion: 112.0.5615.87, chrome: {chromedriverVersion: 112.0.5615.49 (bd2a7bcb881c..., userDataDir: C:\Users\User\AppData\Local...}, goog:chromeOptions: {debuggerAddress: localhost:55115}, javascriptEnabled: true, networkConnectionEnabled: false, pageLoadStrategy: normal, platform: WINDOWS, platformName: WINDOWS, proxy: Proxy(), setWindowRect: true, strictFileInteractability: false, timeouts: {implicit: 0, pageLoad: 300000, script: 30000}, unhandledPromptBehavior: dismiss and notify, webauthn:extension:credBlob: true, webauthn:extension:largeBlob: true, webauthn:extension:minPinLength: true, webauthn:extension:prf: true, webauthn:virtualAuthenticators: true}
Session ID: 12403d06a24aa1d216e73fd412326fc0
*** Element info: {Using=xpath, value=(//a[@class='accordion-toggle risk-panel collapsed'])[2]}
at org.openqa.selenium.remote.http.W3CHttpResponseCodec.createException(W3CHttpResponseCodec.java:187)
at org.openqa.selenium.remote.http.W3CHttpResponseCodec.decode(W3CHttpResponseCodec.java:122)
at org.openqa.selenium.remote.http.W3CHttpResponseCodec.decode(W3CHttpResponseCodec.java:49)
at org.openqa.selenium.remote.HttpCommandExecutor.execute(HttpCommandExecutor.java:158)
at org.openqa.selenium.remote.service.DriverCommandExecutor.execute(DriverCommandExecutor.java:83)
at org.openqa.selenium.remote.RemoteWebDriver.execute(RemoteWebDriver.java:552)
at org.openqa.selenium.remote.RemoteWebDriver.findElement(RemoteWebDriver.java:323)
at org.openqa.selenium.remote.RemoteWebDriver.findElementByXPath(RemoteWebDriver.java:428)
at org.openqa.selenium.By$ByXPath.findElement(By.java:353)
at org.openqa.selenium.remote.RemoteWebDriver.findElement(RemoteWebDriver.java:315)
at org.openqa.selenium.support.pagefactory.DefaultElementLocator.findElement(DefaultElementLocator.java:69)
at org.openqa.selenium.support.pagefactory.internal.LocatingElementHandler.invoke(LocatingElementHandler.java:38)
at jdk.proxy2/jdk.proxy2.$Proxy16.isDisplayed(Unknown Source)
at org.openqa.selenium.support.ui.ExpectedConditions.elementIfVisible(ExpectedConditions.java:314)
at org.openqa.selenium.support.ui.ExpectedConditions.access$000(ExpectedConditions.java:43)
at org.openqa.selenium.support.ui.ExpectedConditions$10.apply(ExpectedConditions.java:300)
at org.openqa.selenium.support.ui.ExpectedConditions$10.apply(ExpectedConditions.java:297)
at org.openqa.selenium.support.ui.ExpectedConditions$23.apply(ExpectedConditions.java:670)
at org.openqa.selenium.support.ui.ExpectedConditions$23.apply(ExpectedConditions.java:666)
at org.openqa.selenium.support.ui.FluentWait.until(FluentWait.java:249)
... 16 more
... Removed 17 stack frames]]>
    </failure>
  </testcase> <!-- verifyTableCollapseOnTechnologyRiskAssessmentPage -->
  <testcase classname="Hipaa.ToCreateANewTechnologyRiskAssessment" name="newTchnologyRiskAssessment" time="29.559"/>
  <testcase classname="Hipaa.ToVerifyHRMPageComponents" name="technologyRiskAssessment" time="32.664"/>
  <testcase classname="Hipaa.ToVerifyHRMPageComponents" name="administrativeRiskAssessment" time="17.629"/>
  <testcase classname="Hipaa.ToVerifyHRMPageComponents" name="physicalRiskAssessment" time="16.621"/>
  <testcase classname="Hipaa.ToVerifyHRMPageComponents" name="riskReviewBoard" time="16.641"/>
</testsuite> <!-- Test -->
