<?xml version="1.0" encoding="UTF-8"?>
<!-- Generated by org.testng.reporters.JUnitXMLReporter -->
<testsuite ignored="0" hostname="DESKTOP-4SLAKQP" failures="0" tests="9" name="Test" time="423.095" errors="0" timestamp="2023-05-02T13:36:55 IST">
  <testcase classname="Generic_Liberary.BaseClass" name="@BeforeClass driver" time="31.968">
    <failure type="org.openqa.selenium.WebDriverException" message="Timed out waiting for driver server to start.
Build info: version: &amp;apos;3.141.59&amp;apos;, revision: &amp;apos;e82be7d358&amp;apos;, time: &amp;apos;2018-11-14T08:17:03&amp;apos;
System info: host: &amp;apos;DESKTOP-4SLAKQP&amp;apos;, ip: &amp;apos;192.168.0.105&amp;apos;, os.name: &amp;apos;Windows 10&amp;apos;, os.arch: &amp;apos;amd64&amp;apos;, os.version: &amp;apos;10.0&amp;apos;, java.version: &amp;apos;17.0.4.1&amp;apos;
Driver info: driver.version: ChromeDriver">
      <![CDATA[org.openqa.selenium.WebDriverException: Timed out waiting for driver server to start.
Build info: version: '3.141.59', revision: 'e82be7d358', time: '2018-11-14T08:17:03'
System info: host: 'DESKTOP-4SLAKQP', ip: '192.168.0.105', os.name: 'Windows 10', os.arch: 'amd64', os.version: '10.0', java.version: '17.0.4.1'
Driver info: driver.version: ChromeDriver
at org.openqa.selenium.remote.service.DriverService.waitUntilAvailable(DriverService.java:202)
at org.openqa.selenium.remote.service.DriverService.start(DriverService.java:188)
at org.openqa.selenium.remote.service.DriverCommandExecutor.execute(DriverCommandExecutor.java:79)
at org.openqa.selenium.remote.RemoteWebDriver.execute(RemoteWebDriver.java:552)
at org.openqa.selenium.remote.RemoteWebDriver.startSession(RemoteWebDriver.java:213)
at org.openqa.selenium.remote.RemoteWebDriver.<init>(RemoteWebDriver.java:131)
at org.openqa.selenium.chrome.ChromeDriver.<init>(ChromeDriver.java:181)
at org.openqa.selenium.chrome.ChromeDriver.<init>(ChromeDriver.java:168)
at org.openqa.selenium.chrome.ChromeDriver.<init>(ChromeDriver.java:123)
at Generic_Liberary.BaseClass.driver(BaseClass.java:68)
at java.base/java.util.concurrent.ThreadPoolExecutor.runWorker(ThreadPoolExecutor.java:1136)
at java.base/java.util.concurrent.ThreadPoolExecutor$Worker.run(ThreadPoolExecutor.java:635)
at java.base/java.lang.Thread.run(Thread.java:833)
Caused by: org.openqa.selenium.net.UrlChecker$TimeoutException: Timed out waiting for [http://localhost:45652/status] to be available after 30549 ms
at org.openqa.selenium.net.UrlChecker.waitUntilAvailable(UrlChecker.java:100)
at org.openqa.selenium.remote.service.DriverService.waitUntilAvailable(DriverService.java:197)
... 22 more
Caused by: java.util.concurrent.TimeoutException
at java.base/java.util.concurrent.FutureTask.get(FutureTask.java:204)
at com.google.common.util.concurrent.SimpleTimeLimiter.callWithTimeout(SimpleTimeLimiter.java:156)
at org.openqa.selenium.net.UrlChecker.waitUntilAvailable(UrlChecker.java:75)
... 23 more
... Removed 10 stack frames]]>
    </failure>
  </testcase> <!-- @BeforeClass driver -->
  <testcase classname="Generic_Liberary.BaseClass" name="@AfterClass quit" time="-1.683014626829E9">
    <skipped/>
  </testcase> <!-- @AfterClass quit -->
  <testcase classname="physicalRisk.DropdownProbabilityOfOccurance" name="probabilityOfOccuranceDropdown" time="49.701"/>
  <testcase classname="physicalRisk.DropdownRiskInput" name="riskInputDropdown" time="0.0">
    <skipped/>
  </testcase> <!-- riskInputDropdown -->
  <testcase classname="physicalRisk.DropdownRiskAgent" name="riskAgentDropdown" time="168.372"/>
  <testcase classname="physicalRisk.DropdownRiskImpactCategory" name="riskImpactDropdown" time="132.492"/>
  <testcase classname="physicalRisk.DropdownStatus" name="statusDropdown" time="129.607"/>
  <testcase classname="physicalRisk.DropdownRiskResponse" name="riskResponseDropdown" time="147.148"/>
  <testcase classname="physicalRisk.DropdownImpactLevel" name="impactLevelDropdown" time="28.988"/>
  <testcase classname="physicalRisk.DropdownThreatSource" name="threadSourceDropdown" time="18.234"/>
  <testcase classname="physicalRisk.DropdownResponsibleDept" name="responsibleDeptDropdown" time="28.245"/>
</testsuite> <!-- Test -->
