<?xml version="1.0" encoding="UTF-8"?>
<!-- Generated by org.testng.reporters.JUnitXMLReporter -->
<testsuite hostname="DESKTOP-4SLAKQP" ignored="0" name="To Verify All The Labels In Hardware Asset" tests="11" failures="1" timestamp="2023-05-06T18:08:56 IST" time="54.98" errors="0">
  <testcase name="assetIdInHardwareAsser" time="10.007" classname="technologyRisk.ToVerifyAllTheLabelsInHardwareAssetPage"/>
  <testcase name="assetClassLabelInHardwareAsset" time="0.183" classname="technologyRisk.ToVerifyAllTheLabelsInHardwareAssetPage"/>
  <testcase name="HostNameLabelInHardwreAsset" time="21.62" classname="technologyRisk.ToVerifyAllTheLabelsInHardwareAssetPage">
    <failure type="org.openqa.selenium.TimeoutException" message="Expected condition failed: waiting for visibility of Proxy element for: DefaultElementLocator &amp;apos;By.xpath: //label[text()=&amp;apos;Name of Application&amp;apos;]&amp;apos; (tried for 15 second(s) with 500 milliseconds interval)">
      <![CDATA[org.openqa.selenium.TimeoutException: Expected condition failed: waiting for visibility of Proxy element for: DefaultElementLocator 'By.xpath: //label[text()='Name of Application']' (tried for 15 second(s) with 500 milliseconds interval)
at org.openqa.selenium.support.ui.WebDriverWait.timeoutException(WebDriverWait.java:95)
at org.openqa.selenium.support.ui.FluentWait.until(FluentWait.java:272)
at technologyRisk.ToVerifyAllTheLabelsInHardwareAssetPage.HostNameLabelInHardwreAsset(ToVerifyAllTheLabelsInHardwareAssetPage.java:45)
at java.util.ArrayList.forEach(ArrayList.java:1257)
Caused by: org.openqa.selenium.NoSuchElementException: no such element: Unable to locate element: {"method":"xpath","selector":"//label[text()='Name of Application']"}
  (Session info: chrome=112.0.5615.138)
For documentation on this error, please visit: https://www.seleniumhq.org/exceptions/no_such_element.html
Build info: version: '3.141.59', revision: 'e82be7d358', time: '2018-11-14T08:17:03'
System info: host: 'DESKTOP-4SLAKQP', ip: '192.168.0.105', os.name: 'Windows 10', os.arch: 'amd64', os.version: '10.0', java.version: '1.8.0_202'
Driver info: org.openqa.selenium.chrome.ChromeDriver
Capabilities {acceptInsecureCerts: false, browserName: chrome, browserVersion: 112.0.5615.138, chrome: {chromedriverVersion: 112.0.5615.49 (bd2a7bcb881c..., userDataDir: C:\Users\USER\AppData\Local...}, goog:chromeOptions: {debuggerAddress: localhost:60760}, javascriptEnabled: true, networkConnectionEnabled: false, pageLoadStrategy: normal, platform: WINDOWS, platformName: WINDOWS, proxy: Proxy(), setWindowRect: true, strictFileInteractability: false, timeouts: {implicit: 0, pageLoad: 300000, script: 30000}, unhandledPromptBehavior: dismiss and notify, webauthn:extension:credBlob: true, webauthn:extension:largeBlob: true, webauthn:extension:minPinLength: true, webauthn:extension:prf: true, webauthn:virtualAuthenticators: true}
Session ID: ed2c6f7a16d27846853f91a70f35c9c9
*** Element info: {Using=xpath, value=//label[text()='Name of Application']}
at org.openqa.selenium.remote.http.W3CHttpResponseCodec.createException(W3CHttpResponseCodec.java:187)
at org.openqa.selenium.remote.http.W3CHttpResponseCodec.decode(W3CHttpResponseCodec.java:122)
at org.openqa.selenium.remote.http.W3CHttpResponseCodec.decode(W3CHttpResponseCodec.java:49)
at org.openqa.selenium.remote.HttpCommandExecutor.execute(HttpCommandExecutor.java:158)
at org.openqa.selenium.remote.service.DriverCommandExecutor.execute(DriverCommandExecutor.java:83)
at org.openqa.selenium.remote.RemoteWebDriver.execute(RemoteWebDriver.java:552)
at org.openqa.selenium.remote.RemoteWebDriver.findElement(RemoteWebDriver.java:323)
at org.openqa.selenium.remote.RemoteWebDriver.findElementByXPath(RemoteWebDriver.java:428)
at org.openqa.selenium.By$ByXPath.findElement(By.java:353)
at org.openqa.selenium.remote.RemoteWebDriver.findElement(RemoteWebDriver.java:315)
at org.openqa.selenium.support.pagefactory.DefaultElementLocator.findElement(DefaultElementLocator.java:69)
at org.openqa.selenium.support.pagefactory.internal.LocatingElementHandler.invoke(LocatingElementHandler.java:38)
at com.sun.proxy.$Proxy17.isDisplayed(Unknown Source)
at org.openqa.selenium.support.ui.ExpectedConditions.elementIfVisible(ExpectedConditions.java:314)
at org.openqa.selenium.support.ui.ExpectedConditions.access$000(ExpectedConditions.java:43)
at org.openqa.selenium.support.ui.ExpectedConditions$10.apply(ExpectedConditions.java:300)
at org.openqa.selenium.support.ui.ExpectedConditions$10.apply(ExpectedConditions.java:297)
at org.openqa.selenium.support.ui.FluentWait.until(FluentWait.java:249)
... 29 more
... Removed 30 stack frames]]>
    </failure>
  </testcase> <!-- HostNameLabelInHardwreAsset -->
  <testcase name="makeLabelInHardwareAsset" time="0.21" classname="technologyRisk.ToVerifyAllTheLabelsInHardwareAssetPage"/>
  <testcase name="descriptionLabelInHardwareAsset" time="0.719" classname="technologyRisk.ToVerifyAllTheLabelsInHardwareAssetPage"/>
  <testcase name="hardwareCriticalityLabelInHardwareAsset" time="0.249" classname="technologyRisk.ToVerifyAllTheLabelsInHardwareAssetPage"/>
  <testcase name="typeLabelInHardwareAsset" time="0.118" classname="technologyRisk.ToVerifyAllTheLabelsInHardwareAssetPage"/>
  <testcase name="riskAssessFrequencyLabelInHardwareAsset" time="0.149" classname="technologyRisk.ToVerifyAllTheLabelsInHardwareAssetPage"/>
  <testcase name="businessFunctionLabelInHardwareAsset" time="0.19" classname="technologyRisk.ToVerifyAllTheLabelsInHardwareAssetPage"/>
  <testcase name="systemOwnerLabelInHardwareAsset" time="0.147" classname="technologyRisk.ToVerifyAllTheLabelsInHardwareAssetPage"/>
  <testcase name="departmentFunctionLabelInHardwareAsset" time="0.142" classname="technologyRisk.ToVerifyAllTheLabelsInHardwareAssetPage"/>
</testsuite> <!-- To Verify All The Labels In Hardware Asset -->
