<?xml version="1.0" encoding="UTF-8"?>
<!-- Generated by org.testng.reporters.JUnitReportReporter -->
<testsuite hostname="TYSS-Shashank" failures="0" tests="12" name="Hipaa.ToVerifyAllTheLabelsInSoftwareAssetPage" time="17.223" errors="1" timestamp="2023-04-24T23:02:22 IST" skipped="0">
  <testcase classname="Hipaa.ToVerifyAllTheLabelsInSoftwareAssetPage" name="assetClassLabel" time="6.598">
    <error message="no such element: Unable to locate element: {&quot;method&quot;:&quot;xpath&quot;,&quot;selector&quot;:&quot;//label[contains(@for,&#039;AssetC&#039;)]&quot;}
  (Session info: chrome=112.0.5615.87)
For documentation on this error, please visit: https://www.seleniumhq.org/exceptions/no_such_element.html
Build info: version: &#039;3.141.59&#039;, revision: &#039;e82be7d358&#039;, time: &#039;2018-11-14T08:17:03&#039;
System info: host: &#039;TYSS-SHASHANK&#039;, ip: &#039;192.168.0.110&#039;, os.name: &#039;Windows 11&#039;, os.arch: &#039;amd64&#039;, os.version: &#039;10.0&#039;, java.version: &#039;17.0.6&#039;
Driver info: org.openqa.selenium.chrome.ChromeDriver
Capabilities {acceptInsecureCerts: false, browserName: chrome, browserVersion: 112.0.5615.87, chrome: {chromedriverVersion: 112.0.5615.49 (bd2a7bcb881c..., userDataDir: C:\Users\User\AppData\Local...}, goog:chromeOptions: {debuggerAddress: localhost:54741}, javascriptEnabled: true, networkConnectionEnabled: false, pageLoadStrategy: normal, platform: WINDOWS, platformName: WINDOWS, proxy: Proxy(), setWindowRect: true, strictFileInteractability: false, timeouts: {implicit: 0, pageLoad: 300000, script: 30000}, unhandledPromptBehavior: dismiss and notify, webauthn:extension:credBlob: true, webauthn:extension:largeBlob: true, webauthn:extension:minPinLength: true, webauthn:extension:prf: true, webauthn:virtualAuthenticators: true}
Session ID: 72d0e2a3e5ec8d17a4ff86bb0d94c36a
*** Element info: {Using=xpath, value=//label[contains(@for,&#039;AssetC&#039;)]}" type="org.openqa.selenium.NoSuchElementException">
      <![CDATA[org.openqa.selenium.NoSuchElementException: no such element: Unable to locate element: {"method":"xpath","selector":"//label[contains(@for,'AssetC')]"}
  (Session info: chrome=112.0.5615.87)
For documentation on this error, please visit: https://www.seleniumhq.org/exceptions/no_such_element.html
Build info: version: '3.141.59', revision: 'e82be7d358', time: '2018-11-14T08:17:03'
System info: host: 'TYSS-SHASHANK', ip: '192.168.0.110', os.name: 'Windows 11', os.arch: 'amd64', os.version: '10.0', java.version: '17.0.6'
Driver info: org.openqa.selenium.chrome.ChromeDriver
Capabilities {acceptInsecureCerts: false, browserName: chrome, browserVersion: 112.0.5615.87, chrome: {chromedriverVersion: 112.0.5615.49 (bd2a7bcb881c..., userDataDir: C:\Users\User\AppData\Local...}, goog:chromeOptions: {debuggerAddress: localhost:54741}, javascriptEnabled: true, networkConnectionEnabled: false, pageLoadStrategy: normal, platform: WINDOWS, platformName: WINDOWS, proxy: Proxy(), setWindowRect: true, strictFileInteractability: false, timeouts: {implicit: 0, pageLoad: 300000, script: 30000}, unhandledPromptBehavior: dismiss and notify, webauthn:extension:credBlob: true, webauthn:extension:largeBlob: true, webauthn:extension:minPinLength: true, webauthn:extension:prf: true, webauthn:virtualAuthenticators: true}
Session ID: 72d0e2a3e5ec8d17a4ff86bb0d94c36a
*** Element info: {Using=xpath, value=//label[contains(@for,'AssetC')]}
at java.base/jdk.internal.reflect.NativeConstructorAccessorImpl.newInstance0(Native Method)
at java.base/jdk.internal.reflect.NativeConstructorAccessorImpl.newInstance(NativeConstructorAccessorImpl.java:77)
at java.base/jdk.internal.reflect.DelegatingConstructorAccessorImpl.newInstance(DelegatingConstructorAccessorImpl.java:45)
at java.base/java.lang.reflect.Constructor.newInstanceWithCaller(Constructor.java:499)
at java.base/java.lang.reflect.Constructor.newInstance(Constructor.java:480)
at org.openqa.selenium.remote.http.W3CHttpResponseCodec.createException(W3CHttpResponseCodec.java:187)
at org.openqa.selenium.remote.http.W3CHttpResponseCodec.decode(W3CHttpResponseCodec.java:122)
at org.openqa.selenium.remote.http.W3CHttpResponseCodec.decode(W3CHttpResponseCodec.java:49)
at org.openqa.selenium.remote.HttpCommandExecutor.execute(HttpCommandExecutor.java:158)
at org.openqa.selenium.remote.service.DriverCommandExecutor.execute(DriverCommandExecutor.java:83)
at org.openqa.selenium.remote.RemoteWebDriver.execute(RemoteWebDriver.java:552)
at org.openqa.selenium.remote.RemoteWebDriver.findElement(RemoteWebDriver.java:323)
at org.openqa.selenium.remote.RemoteWebDriver.findElementByXPath(RemoteWebDriver.java:428)
at org.openqa.selenium.By$ByXPath.findElement(By.java:353)
at org.openqa.selenium.remote.RemoteWebDriver.findElement(RemoteWebDriver.java:315)
at org.openqa.selenium.support.pagefactory.DefaultElementLocator.findElement(DefaultElementLocator.java:69)
at org.openqa.selenium.support.pagefactory.internal.LocatingElementHandler.invoke(LocatingElementHandler.java:38)
at jdk.proxy2/jdk.proxy2.$Proxy16.isDisplayed(Unknown Source)
at Hipaa.ToVerifyAllTheLabelsInSoftwareAssetPage.assetClassLabel(ToVerifyAllTheLabelsInSoftwareAssetPage.java:35)
at java.base/jdk.internal.reflect.NativeMethodAccessorImpl.invoke0(Native Method)
at java.base/jdk.internal.reflect.NativeMethodAccessorImpl.invoke(NativeMethodAccessorImpl.java:77)
at java.base/jdk.internal.reflect.DelegatingMethodAccessorImpl.invoke(DelegatingMethodAccessorImpl.java:43)
at java.base/java.lang.reflect.Method.invoke(Method.java:568)
at org.testng.internal.MethodInvocationHelper.invokeMethod(MethodInvocationHelper.java:133)
at org.testng.internal.TestInvoker.invokeMethod(TestInvoker.java:598)
at org.testng.internal.TestInvoker.invokeTestMethod(TestInvoker.java:173)
at org.testng.internal.MethodRunner.runInSequence(MethodRunner.java:46)
at org.testng.internal.TestInvoker$MethodInvocationAgent.invoke(TestInvoker.java:824)
at org.testng.internal.TestInvoker.invokeTestMethods(TestInvoker.java:146)
at org.testng.internal.TestMethodWorker.invokeTestMethods(TestMethodWorker.java:146)
at org.testng.internal.TestMethodWorker.run(TestMethodWorker.java:128)
at java.base/java.util.concurrent.ThreadPoolExecutor.runWorker(ThreadPoolExecutor.java:1136)
at java.base/java.util.concurrent.ThreadPoolExecutor$Worker.run(ThreadPoolExecutor.java:635)
at java.base/java.lang.Thread.run(Thread.java:833)
]]>
    </error>
  </testcase> <!-- assetClassLabel -->
  <system-out/>
  <testcase classname="Hipaa.ToVerifyAllTheLabelsInSoftwareAssetPage" name="assetId" time="7.787"/>
  <system-out>
    <![CDATA[Successfully verified AssetId label under Software Inventory Details in Software Asset Page]]>
  </system-out>
  <testcase classname="Hipaa.ToVerifyAllTheLabelsInSoftwareAssetPage" name="nameOfApplicationLabel" time="0.338"/>
  <system-out>
    <![CDATA[Successfully verified Name of Application label under Software Inventory Details in Software Asset Page]]>
  </system-out>
  <testcase classname="Hipaa.ToVerifyAllTheLabelsInSoftwareAssetPage" name="operatingSystemLabel" time="0.176"/>
  <system-out>
    <![CDATA[Successfully verified Operating System label under Software Inventory Details in Software Asset Page]]>
  </system-out>
  <testcase classname="Hipaa.ToVerifyAllTheLabelsInSoftwareAssetPage" name="descriptionLabel" time="0.151"/>
  <system-out>
    <![CDATA[Successfully verified Description label under Software Inventory Details in Software Asset Page]]>
  </system-out>
  <testcase classname="Hipaa.ToVerifyAllTheLabelsInSoftwareAssetPage" name="sharedLabel" time="0.611"/>
  <system-out>
    <![CDATA[Successfully verified Shared label under Software Inventory Details in Software Asset Page]]>
  </system-out>
  <testcase classname="Hipaa.ToVerifyAllTheLabelsInSoftwareAssetPage" name="applicationCriticalityLabel" time="0.250"/>
  <system-out>
    <![CDATA[Successfully verified Application Criticality label under Software Inventory Details in Software Asset Page]]>
  </system-out>
  <testcase classname="Hipaa.ToVerifyAllTheLabelsInSoftwareAssetPage" name="dataClassificationLabel" time="0.151"/>
  <system-out>
    <![CDATA[Successfully verified Data Classification label under Software Inventory Details in Software Asset Page]]>
  </system-out>
  <testcase classname="Hipaa.ToVerifyAllTheLabelsInSoftwareAssetPage" name="riskAssessFrequencyLabel" time="0.248"/>
  <system-out>
    <![CDATA[Successfully verified  Risk Assess Frequency label under Software Inventory Details in Software Asset Page]]>
  </system-out>
  <testcase classname="Hipaa.ToVerifyAllTheLabelsInSoftwareAssetPage" name="businessFunctionLabel" time="0.325"/>
  <system-out>
    <![CDATA[Successfully verified Business Function label under Software Inventory Details in Software Asset Page]]>
  </system-out>
  <testcase classname="Hipaa.ToVerifyAllTheLabelsInSoftwareAssetPage" name="systemOwnerLabel" time="0.325"/>
  <system-out>
    <![CDATA[Successfully verified System Owner label under Software Inventory Details in Software Asset Page]]>
  </system-out>
  <testcase classname="Hipaa.ToVerifyAllTheLabelsInSoftwareAssetPage" name="departmentFunctionLabel" time="0.263"/>
  <system-out>
    <![CDATA[Successfully verified Department Function label under Software Inventory Details in Software Asset Page]]>
  </system-out>
</testsuite> <!-- Hipaa.ToVerifyAllTheLabelsInSoftwareAssetPage -->
