<?xml version="1.0" encoding="UTF-8"?>
<!-- Generated by org.testng.reporters.JUnitReportReporter -->
<testsuite hostname="DESKTOP-4SLAKQP" failures="1" tests="3" name="administrativeRisk.ToApproveTheRisk" time="141.641" errors="0" timestamp="2023-05-03T10:56:14 IST" skipped="0">
  <testcase classname="administrativeRisk.ToApproveTheRisk" name="quit" time="0.001">
    <failure message="The following asserts failed:
	Not able to aprove the risk expected [Successfully approved the Risk assessment details] but found [Failed to approve the Risk assessment details],
	Not able to aprove the risk expected [Successfully deleted the Risk assessment details] but found [Failed to delete the Risk assessment details],
	Not able to aprove the risk expected [Successfully edited the Risk assessment details] but found [Failed to edit the Risk assessment details],
	Not able to aprove the risk expected [Successfully approved the Risk assessment details] but found [Failed to approve the Risk assessment details],
	Not able to aprove the risk expected [Successfully deleted the Risk assessment details] but found [Failed to delete the Risk assessment details],
	Not able to aprove the risk expected [Successfully edited the Risk assessment details] but found [Failed to edit the Risk assessment details]" type="java.lang.AssertionError">
      <![CDATA[java.lang.AssertionError: The following asserts failed:
Not able to aprove the risk expected [Successfully approved the Risk assessment details] but found [Failed to approve the Risk assessment details],
Not able to aprove the risk expected [Successfully deleted the Risk assessment details] but found [Failed to delete the Risk assessment details],
Not able to aprove the risk expected [Successfully edited the Risk assessment details] but found [Failed to edit the Risk assessment details],
Not able to aprove the risk expected [Successfully approved the Risk assessment details] but found [Failed to approve the Risk assessment details],
Not able to aprove the risk expected [Successfully deleted the Risk assessment details] but found [Failed to delete the Risk assessment details],
Not able to aprove the risk expected [Successfully edited the Risk assessment details] but found [Failed to edit the Risk assessment details]
at org.testng.asserts.SoftAssert.assertAll(SoftAssert.java:47)
at org.testng.asserts.SoftAssert.assertAll(SoftAssert.java:31)
at Generic_Liberary.BaseClass.quit(BaseClass.java:185)
at java.base/jdk.internal.reflect.NativeMethodAccessorImpl.invoke0(Native Method)
at java.base/jdk.internal.reflect.NativeMethodAccessorImpl.invoke(NativeMethodAccessorImpl.java:77)
at java.base/jdk.internal.reflect.DelegatingMethodAccessorImpl.invoke(DelegatingMethodAccessorImpl.java:43)
at java.base/java.lang.reflect.Method.invoke(Method.java:568)
at org.testng.internal.MethodInvocationHelper.invokeMethod(MethodInvocationHelper.java:133)
at org.testng.internal.MethodInvocationHelper.invokeMethodConsideringTimeout(MethodInvocationHelper.java:62)
at org.testng.internal.ConfigInvoker.invokeConfigurationMethod(ConfigInvoker.java:385)
at org.testng.internal.ConfigInvoker.invokeConfigurations(ConfigInvoker.java:321)
at org.testng.internal.TestMethodWorker.invokeAfterClassMethods(TestMethodWorker.java:217)
at org.testng.internal.TestMethodWorker.run(TestMethodWorker.java:130)
at java.base/java.util.ArrayList.forEach(ArrayList.java:1511)
at org.testng.TestRunner.privateRun(TestRunner.java:794)
at org.testng.TestRunner.run(TestRunner.java:596)
at org.testng.SuiteRunner.runTest(SuiteRunner.java:377)
at org.testng.SuiteRunner.runSequentially(SuiteRunner.java:371)
at org.testng.SuiteRunner.privateRun(SuiteRunner.java:332)
at org.testng.SuiteRunner.run(SuiteRunner.java:276)
at org.testng.SuiteRunnerWorker.runSuite(SuiteRunnerWorker.java:53)
at org.testng.SuiteRunnerWorker.run(SuiteRunnerWorker.java:96)
at org.testng.TestNG.runSuitesSequentially(TestNG.java:1212)
at org.testng.TestNG.runSuitesLocally(TestNG.java:1134)
at org.testng.TestNG.runSuites(TestNG.java:1063)
at org.testng.TestNG.run(TestNG.java:1031)
at org.testng.remote.AbstractRemoteTestNG.run(AbstractRemoteTestNG.java:115)
at org.testng.remote.RemoteTestNG.initAndRun(RemoteTestNG.java:251)
at org.testng.remote.RemoteTestNG.main(RemoteTestNG.java:77)
]]>
    </failure>
  </testcase> <!-- quit -->
  <system-out/>
  <testcase classname="administrativeRisk.ToApproveTheRisk" name="toApproveAdministrativeRiskAssessment" time="65.809"/>
  <system-out>
    <![CDATA[The Risk ID captured is RSKA828
The captured description :The information system uniquely identifies and authenticates [Assignment: organization-defined specific and/or types of devices] before establishing a [Selection (one or more): local; remote; network] connection.
The Target Quarter is :
Would you like to Save this risk and Forward for approval?
Would you like to approve RSKA828 ?
User is not able to approve the risk in Risk Review Board

User is not able to delete the risk in Risk Review Board
Failed to update the AdministrativeRiskAssessment details
User is not able to edit the risk in Risk Review Board]]>
  </system-out>
  <testcase classname="administrativeRisk.ToApproveTheRisk" name="toApproveAdministrativeRiskAssessment" time="75.831"/>
  <system-out>
    <![CDATA[The Risk ID captured is RSKA989
The captured description :The information system uniquely identifies and authenticates [Assignment: organization-defined specific and/or types of devices] before establishing a [Selection (one or more): local; remote; network] connection.
The Target Quarter is :
Would you like to Save this risk and Forward for approval?

User is not able to approve the risk in Risk Review Board

User is not able to delete the risk in Risk Review Board
Failed to update the AdministrativeRiskAssessment details
User is not able to edit the risk in Risk Review Board]]>
  </system-out>
</testsuite> <!-- administrativeRisk.ToApproveTheRisk -->
