<?xml version="1.0" encoding="UTF-8"?>
<!-- Generated by org.testng.reporters.JUnitReportReporter -->
<testsuite hostname="TYSS-Shashank" failures="0" tests="11" name="HipaaWebsite.ToVerifyAllTheLabelsInHardwareAssetPage" time="39.333" errors="1" timestamp="2023-04-19T17:15:27 IST" skipped="0">
  <testcase classname="HipaaWebsite.ToVerifyAllTheLabelsInHardwareAssetPage" name="assetId" time="8.052"/>
  <system-out>
    <![CDATA[Successfully verified AssetId label under Hardware Inventory Details in Hardware Asset Page]]>
  </system-out>
  <testcase classname="HipaaWebsite.ToVerifyAllTheLabelsInHardwareAssetPage" name="assetClassLabel" time="0.117"/>
  <system-out>
    <![CDATA[Successfully verified Asset Class label under Hardware Inventory Details in Hardware Asset Page]]>
  </system-out>
  <testcase classname="HipaaWebsite.ToVerifyAllTheLabelsInHardwareAssetPage" name="HostNameLabel" time="30.139">
    <error message="Expected condition failed: waiting for visibility of Proxy element for: DefaultElementLocator &#039;By.xpath: //label[text()=&#039;Name of Application&#039;]&#039; (tried for 15 second(s) with 500 milliseconds interval)" type="org.openqa.selenium.TimeoutException">
      <![CDATA[org.openqa.selenium.TimeoutException: Expected condition failed: waiting for visibility of Proxy element for: DefaultElementLocator 'By.xpath: //label[text()='Name of Application']' (tried for 15 second(s) with 500 milliseconds interval)
at org.openqa.selenium.support.ui.WebDriverWait.timeoutException(WebDriverWait.java:95)
at org.openqa.selenium.support.ui.FluentWait.until(FluentWait.java:272)
at HipaaWebsite.ToVerifyAllTheLabelsInHardwareAssetPage.HostNameLabel(ToVerifyAllTheLabelsInHardwareAssetPage.java:44)
at java.base/jdk.internal.reflect.NativeMethodAccessorImpl.invoke0(Native Method)
at java.base/jdk.internal.reflect.NativeMethodAccessorImpl.invoke(NativeMethodAccessorImpl.java:77)
at java.base/jdk.internal.reflect.DelegatingMethodAccessorImpl.invoke(DelegatingMethodAccessorImpl.java:43)
at java.base/java.lang.reflect.Method.invoke(Method.java:568)
at org.testng.internal.MethodInvocationHelper.invokeMethod(MethodInvocationHelper.java:133)
at org.testng.internal.TestInvoker.invokeMethod(TestInvoker.java:598)
at org.testng.internal.TestInvoker.invokeTestMethod(TestInvoker.java:173)
at org.testng.internal.MethodRunner.runInSequence(MethodRunner.java:46)
at org.testng.internal.TestInvoker$MethodInvocationAgent.invoke(TestInvoker.java:824)
at org.testng.internal.TestInvoker.invokeTestMethods(TestInvoker.java:146)
at org.testng.internal.TestMethodWorker.invokeTestMethods(TestMethodWorker.java:146)
at org.testng.internal.TestMethodWorker.run(TestMethodWorker.java:128)
at java.base/java.util.concurrent.ThreadPoolExecutor.runWorker(ThreadPoolExecutor.java:1136)
at java.base/java.util.concurrent.ThreadPoolExecutor$Worker.run(ThreadPoolExecutor.java:635)
at java.base/java.lang.Thread.run(Thread.java:833)
Caused by: org.openqa.selenium.NoSuchElementException: no such element: Unable to locate element: {"method":"xpath","selector":"//label[text()='Name of Application']"}
  (Session info: chrome=112.0.5615.87)
For documentation on this error, please visit: https://www.seleniumhq.org/exceptions/no_such_element.html
Build info: version: '3.141.59', revision: 'e82be7d358', time: '2018-11-14T08:17:03'
System info: host: 'TYSS-SHASHANK', ip: '10.10.31.160', os.name: 'Windows 11', os.arch: 'amd64', os.version: '10.0', java.version: '17.0.6'
Driver info: org.openqa.selenium.chrome.ChromeDriver
Capabilities {acceptInsecureCerts: false, browserName: chrome, browserVersion: 112.0.5615.87, chrome: {chromedriverVersion: 112.0.5615.49 (bd2a7bcb881c..., userDataDir: C:\Users\User\AppData\Local...}, goog:chromeOptions: {debuggerAddress: localhost:53277}, javascriptEnabled: true, networkConnectionEnabled: false, pageLoadStrategy: normal, platform: WINDOWS, platformName: WINDOWS, proxy: Proxy(), setWindowRect: true, strictFileInteractability: false, timeouts: {implicit: 0, pageLoad: 300000, script: 30000}, unhandledPromptBehavior: dismiss and notify, webauthn:extension:credBlob: true, webauthn:extension:largeBlob: true, webauthn:extension:minPinLength: true, webauthn:extension:prf: true, webauthn:virtualAuthenticators: true}
Session ID: 691ef4f4eb1eb2ad5c29ad6abec9dd6c
*** Element info: {Using=xpath, value=//label[text()='Name of Application']}
at java.base/jdk.internal.reflect.NativeConstructorAccessorImpl.newInstance0(Native Method)
at java.base/jdk.internal.reflect.NativeConstructorAccessorImpl.newInstance(NativeConstructorAccessorImpl.java:77)
at java.base/jdk.internal.reflect.DelegatingConstructorAccessorImpl.newInstance(DelegatingConstructorAccessorImpl.java:45)
at java.base/java.lang.reflect.Constructor.newInstanceWithCaller(Constructor.java:499)
at java.base/java.lang.reflect.Constructor.newInstance(Constructor.java:480)
at org.openqa.selenium.remote.http.W3CHttpResponseCodec.createException(W3CHttpResponseCodec.java:187)
at org.openqa.selenium.remote.http.W3CHttpResponseCodec.decode(W3CHttpResponseCodec.java:122)
at org.openqa.selenium.remote.http.W3CHttpResponseCodec.decode(W3CHttpResponseCodec.java:49)
at org.openqa.selenium.remote.HttpCommandExecutor.execute(HttpCommandExecutor.java:158)
at org.openqa.selenium.remote.service.DriverCommandExecutor.execute(DriverCommandExecutor.java:83)
at org.openqa.selenium.remote.RemoteWebDriver.execute(RemoteWebDriver.java:552)
at org.openqa.selenium.remote.RemoteWebDriver.findElement(RemoteWebDriver.java:323)
at org.openqa.selenium.remote.RemoteWebDriver.findElementByXPath(RemoteWebDriver.java:428)
at org.openqa.selenium.By$ByXPath.findElement(By.java:353)
at org.openqa.selenium.remote.RemoteWebDriver.findElement(RemoteWebDriver.java:315)
at org.openqa.selenium.support.pagefactory.DefaultElementLocator.findElement(DefaultElementLocator.java:69)
at org.openqa.selenium.support.pagefactory.internal.LocatingElementHandler.invoke(LocatingElementHandler.java:38)
at jdk.proxy2/jdk.proxy2.$Proxy15.isDisplayed(Unknown Source)
at org.openqa.selenium.support.ui.ExpectedConditions.elementIfVisible(ExpectedConditions.java:314)
at org.openqa.selenium.support.ui.ExpectedConditions.access$000(ExpectedConditions.java:43)
at org.openqa.selenium.support.ui.ExpectedConditions$10.apply(ExpectedConditions.java:300)
at org.openqa.selenium.support.ui.ExpectedConditions$10.apply(ExpectedConditions.java:297)
at org.openqa.selenium.support.ui.FluentWait.until(FluentWait.java:249)
... 16 more
]]>
    </error>
  </testcase> <!-- HostNameLabel -->
  <system-out/>
  <testcase classname="HipaaWebsite.ToVerifyAllTheLabelsInHardwareAssetPage" name="makeLabel" time="0.116"/>
  <system-out>
    <![CDATA[Successfully verified Operating System label under Hardware Inventory Details in Hardware Asset Page]]>
  </system-out>
  <testcase classname="HipaaWebsite.ToVerifyAllTheLabelsInHardwareAssetPage" name="descriptionLabel" time="0.119"/>
  <system-out>
    <![CDATA[Successfully verified Description label under Hardware Inventory Details in Hardware Asset Page]]>
  </system-out>
  <testcase classname="HipaaWebsite.ToVerifyAllTheLabelsInHardwareAssetPage" name="hardwareCriticalityLabel" time="0.115"/>
  <system-out>
    <![CDATA[Successfully verified Hardware Criticality label under Hardware Inventory Details in Hardware Asset Page]]>
  </system-out>
  <testcase classname="HipaaWebsite.ToVerifyAllTheLabelsInHardwareAssetPage" name="type" time="0.112"/>
  <system-out>
    <![CDATA[Successfully verified Type label under Hardware Inventory Details in Hardware Asset Page]]>
  </system-out>
  <testcase classname="HipaaWebsite.ToVerifyAllTheLabelsInHardwareAssetPage" name="riskAssessFrequencyLabel" time="0.114"/>
  <system-out>
    <![CDATA[Successfully verified  Risk Assess Frequency label under Hardware Inventory Details in Hardware Asset Page]]>
  </system-out>
  <testcase classname="HipaaWebsite.ToVerifyAllTheLabelsInHardwareAssetPage" name="businessFunctionLabel" time="0.183"/>
  <system-out>
    <![CDATA[Successfully verified Business Function label under Hardware Inventory Details in Hardware Asset Page]]>
  </system-out>
  <testcase classname="HipaaWebsite.ToVerifyAllTheLabelsInHardwareAssetPage" name="systemOwnerLabel" time="0.125"/>
  <system-out>
    <![CDATA[Successfully verified System Owner label under Hardware Inventory Details in Hardware Asset Page]]>
  </system-out>
  <testcase classname="HipaaWebsite.ToVerifyAllTheLabelsInHardwareAssetPage" name="departmentFunctionLabel" time="0.141"/>
  <system-out>
    <![CDATA[Successfully verified Department Function label under Hardware Inventory Details in Hardware Asset Page]]>
  </system-out>
</testsuite> <!-- HipaaWebsite.ToVerifyAllTheLabelsInHardwareAssetPage -->
