<?xml version="1.0" encoding="UTF-8"?>
<!-- Generated by org.testng.reporters.JUnitReportReporter -->
<testsuite skipped="1" hostname="DESKTOP-4SLAKQP" name="technologyRisk.ToVerifyLeftNavigationBarFunctionality" tests="3" failures="0" timestamp="2023-05-08T18:42:02 IST" time="682.205" errors="1">
  <testcase name="driver" time="615.152" classname="technologyRisk.ToVerifyLeftNavigationBarFunctionality">
    <error type="org.openqa.selenium.TimeoutException" message="timeout: Timed out receiving message from renderer: -308.902
  (Session info: chrome=112.0.5615.138)
Build info: version: &#039;3.141.59&#039;, revision: &#039;e82be7d358&#039;, time: &#039;2018-11-14T08:17:03&#039;
System info: host: &#039;DESKTOP-4SLAKQP&#039;, ip: &#039;192.168.0.100&#039;, os.name: &#039;Windows 10&#039;, os.arch: &#039;amd64&#039;, os.version: &#039;10.0&#039;, java.version: &#039;1.8.0_202&#039;
Driver info: org.openqa.selenium.chrome.ChromeDriver
Capabilities {acceptInsecureCerts: false, browserName: chrome, browserVersion: 112.0.5615.138, chrome: {chromedriverVersion: 112.0.5615.49 (bd2a7bcb881c..., userDataDir: C:\Users\USER\AppData\Local...}, goog:chromeOptions: {debuggerAddress: localhost:59207}, javascriptEnabled: true, networkConnectionEnabled: false, pageLoadStrategy: normal, platform: WINDOWS, platformName: WINDOWS, proxy: Proxy(), setWindowRect: true, strictFileInteractability: false, timeouts: {implicit: 0, pageLoad: 300000, script: 30000}, unhandledPromptBehavior: dismiss and notify, webauthn:extension:credBlob: true, webauthn:extension:largeBlob: true, webauthn:extension:minPinLength: true, webauthn:extension:prf: true, webauthn:virtualAuthenticators: true}
Session ID: 4b33c37435ecf735fe329ed99854e83d">
      <![CDATA[org.openqa.selenium.TimeoutException: timeout: Timed out receiving message from renderer: -308.902
  (Session info: chrome=112.0.5615.138)
Build info: version: '3.141.59', revision: 'e82be7d358', time: '2018-11-14T08:17:03'
System info: host: 'DESKTOP-4SLAKQP', ip: '192.168.0.100', os.name: 'Windows 10', os.arch: 'amd64', os.version: '10.0', java.version: '1.8.0_202'
Driver info: org.openqa.selenium.chrome.ChromeDriver
Capabilities {acceptInsecureCerts: false, browserName: chrome, browserVersion: 112.0.5615.138, chrome: {chromedriverVersion: 112.0.5615.49 (bd2a7bcb881c..., userDataDir: C:\Users\USER\AppData\Local...}, goog:chromeOptions: {debuggerAddress: localhost:59207}, javascriptEnabled: true, networkConnectionEnabled: false, pageLoadStrategy: normal, platform: WINDOWS, platformName: WINDOWS, proxy: Proxy(), setWindowRect: true, strictFileInteractability: false, timeouts: {implicit: 0, pageLoad: 300000, script: 30000}, unhandledPromptBehavior: dismiss and notify, webauthn:extension:credBlob: true, webauthn:extension:largeBlob: true, webauthn:extension:minPinLength: true, webauthn:extension:prf: true, webauthn:virtualAuthenticators: true}
Session ID: 4b33c37435ecf735fe329ed99854e83d
at sun.reflect.NativeConstructorAccessorImpl.newInstance0(Native Method)
at sun.reflect.NativeConstructorAccessorImpl.newInstance(NativeConstructorAccessorImpl.java:62)
at sun.reflect.DelegatingConstructorAccessorImpl.newInstance(DelegatingConstructorAccessorImpl.java:45)
at java.lang.reflect.Constructor.newInstance(Constructor.java:423)
at org.openqa.selenium.remote.http.W3CHttpResponseCodec.createException(W3CHttpResponseCodec.java:187)
at org.openqa.selenium.remote.http.W3CHttpResponseCodec.decode(W3CHttpResponseCodec.java:122)
at org.openqa.selenium.remote.http.W3CHttpResponseCodec.decode(W3CHttpResponseCodec.java:49)
at org.openqa.selenium.remote.HttpCommandExecutor.execute(HttpCommandExecutor.java:158)
at org.openqa.selenium.remote.service.DriverCommandExecutor.execute(DriverCommandExecutor.java:83)
at org.openqa.selenium.remote.RemoteWebDriver.execute(RemoteWebDriver.java:552)
at org.openqa.selenium.remote.RemoteWebDriver.get(RemoteWebDriver.java:277)
at Generic_Liberary.BaseClass.driver(BaseClass.java:150)
at sun.reflect.GeneratedMethodAccessor13.invoke(Unknown Source)
at sun.reflect.DelegatingMethodAccessorImpl.invoke(DelegatingMethodAccessorImpl.java:43)
at java.lang.reflect.Method.invoke(Method.java:498)
at org.testng.internal.MethodInvocationHelper.invokeMethod(MethodInvocationHelper.java:133)
at org.testng.internal.MethodInvocationHelper.invokeMethodConsideringTimeout(MethodInvocationHelper.java:62)
at org.testng.internal.ConfigInvoker.invokeConfigurationMethod(ConfigInvoker.java:385)
at org.testng.internal.ConfigInvoker.invokeConfigurations(ConfigInvoker.java:321)
at org.testng.TestRunner.invokeTestConfigurations(TestRunner.java:637)
at org.testng.TestRunner.beforeRun(TestRunner.java:627)
at org.testng.TestRunner.run(TestRunner.java:589)
at org.testng.SuiteRunner.runTest(SuiteRunner.java:377)
at org.testng.SuiteRunner.runSequentially(SuiteRunner.java:371)
at org.testng.SuiteRunner.privateRun(SuiteRunner.java:332)
at org.testng.SuiteRunner.run(SuiteRunner.java:276)
at org.testng.SuiteRunnerWorker.runSuite(SuiteRunnerWorker.java:53)
at org.testng.SuiteRunnerWorker.run(SuiteRunnerWorker.java:96)
at org.testng.TestNG.runSuitesSequentially(TestNG.java:1212)
at org.testng.TestNG.runSuitesLocally(TestNG.java:1134)
at org.testng.TestNG.runSuites(TestNG.java:1063)
at org.testng.TestNG.run(TestNG.java:1031)
at org.testng.remote.AbstractRemoteTestNG.run(AbstractRemoteTestNG.java:115)
at org.testng.remote.RemoteTestNG.initAndRun(RemoteTestNG.java:251)
at org.testng.remote.RemoteTestNG.main(RemoteTestNG.java:77)
]]>
    </error>
  </testcase> <!-- driver -->
  <system-out>
    <![CDATA[Chrome Browser launched successfully]]>
  </system-out>
  <testcase name="toVerifyLeftNavigationBarFunctionality" time="67.053" classname="technologyRisk.ToVerifyLeftNavigationBarFunctionality"/>
  <system-out>
    <![CDATA[Verifyed KRI Dashboard section in left navigation bar for Technology Risk Assessment
Successfully clicked on Risk Assessment in left navigation bar
Successfully verifyed on clicking New risk in left navigation bar navigated to New Technology Risk Assessment Page
Successfully verifyed on clicking Edit risk in left navigation bar navigated to Edit Technology Risk Assessment Page
Successfully verifyed on clicking All risk in left navigation bar navigated to All Technology Risk Assessment Page
Successfully verifyed on clicking Open risk in left navigation bar navigated to All Technology Risk Assessment Page
Successfully verifyed on clicking In Progress risk in left navigation bar navigated to All Technology Risk Assessment Page
Successfully verifyed on clicking Closed risk in left navigation bar navigated to All Technology Risk Assessment Page
Successfully verifyed on clicking Software Asset in left navigation bar navigated to Software Asset Page
Successfully verifyed on clicking Hardware Asset in left navigation bar navigated to Software Asset Page
Error on clicking on Risk Excel reports in left navigation bar Server error is displayed
Error on clicking on Risk Excel reports in left navigation bar Server error is displayed
Error on clicking on Risk Excel reports in left navigation bar Server error is displayed
Error on clicking on Risk Excel reports in left navigation bar Server error is displayed
Error on clicking on Risk Excel reports in left navigation bar Server error is displayed
Error on clicking on Risk Excel reports in left navigation bar Server error is displayed
Error on clicking on Risk Excel reports in left navigation bar Server error is displayed
Successfully clicked on collapse icon]]>
  </system-out>
  <testcase name="toVerifyLeftNavigationBarFunctionality" time="0.000" classname="technologyRisk.ToVerifyLeftNavigationBarFunctionality">
    <skipped/>
  </testcase> <!-- toVerifyLeftNavigationBarFunctionality -->
  <system-out/>
</testsuite> <!-- technologyRisk.ToVerifyLeftNavigationBarFunctionality -->
