<?xml version="1.0" encoding="UTF-8"?>
<!-- Generated by org.testng.reporters.JUnitReportReporter -->
<testsuite skipped="0" hostname="DESKTOP-4SLAKQP" name="technologyRisk.ToVerifyAllTheLabelsInHardwareAssetPage" tests="11" failures="0" timestamp="2023-05-06T18:12:10 IST" time="34.067" errors="1">
  <testcase name="assetIdInHardwareAsser" time="10.007" classname="technologyRisk.ToVerifyAllTheLabelsInHardwareAssetPage"/>
  <system-out>
    <![CDATA[Successfully verified AssetId label under Hardware Inventory Details in Hardware Asset Page]]>
  </system-out>
  <testcase name="assetClassLabelInHardwareAsset" time="0.183" classname="technologyRisk.ToVerifyAllTheLabelsInHardwareAssetPage"/>
  <system-out>
    <![CDATA[Successfully verified Asset Class label under Hardware Inventory Details in Hardware Asset Page]]>
  </system-out>
  <testcase name="HostNameLabelInHardwreAsset" time="21.621" classname="technologyRisk.ToVerifyAllTheLabelsInHardwareAssetPage">
    <error type="org.openqa.selenium.TimeoutException" message="Expected condition failed: waiting for visibility of Proxy element for: DefaultElementLocator &#039;By.xpath: //label[text()=&#039;Name of Application&#039;]&#039; (tried for 15 second(s) with 500 milliseconds interval)">
      <![CDATA[org.openqa.selenium.TimeoutException: Expected condition failed: waiting for visibility of Proxy element for: DefaultElementLocator 'By.xpath: //label[text()='Name of Application']' (tried for 15 second(s) with 500 milliseconds interval)
at org.openqa.selenium.support.ui.WebDriverWait.timeoutException(WebDriverWait.java:95)
at org.openqa.selenium.support.ui.FluentWait.until(FluentWait.java:272)
at technologyRisk.ToVerifyAllTheLabelsInHardwareAssetPage.HostNameLabelInHardwreAsset(ToVerifyAllTheLabelsInHardwareAssetPage.java:45)
at sun.reflect.NativeMethodAccessorImpl.invoke0(Native Method)
at sun.reflect.NativeMethodAccessorImpl.invoke(NativeMethodAccessorImpl.java:62)
at sun.reflect.DelegatingMethodAccessorImpl.invoke(DelegatingMethodAccessorImpl.java:43)
at java.lang.reflect.Method.invoke(Method.java:498)
at org.testng.internal.MethodInvocationHelper.invokeMethod(MethodInvocationHelper.java:133)
at org.testng.internal.TestInvoker.invokeMethod(TestInvoker.java:598)
at org.testng.internal.TestInvoker.invokeTestMethod(TestInvoker.java:173)
at org.testng.internal.MethodRunner.runInSequence(MethodRunner.java:46)
at org.testng.internal.TestInvoker$MethodInvocationAgent.invoke(TestInvoker.java:824)
at org.testng.internal.TestInvoker.invokeTestMethods(TestInvoker.java:146)
at org.testng.internal.TestMethodWorker.invokeTestMethods(TestMethodWorker.java:146)
at org.testng.internal.TestMethodWorker.run(TestMethodWorker.java:128)
at java.util.ArrayList.forEach(ArrayList.java:1257)
at org.testng.TestRunner.privateRun(TestRunner.java:794)
at org.testng.TestRunner.run(TestRunner.java:596)
at org.testng.SuiteRunner.runTest(SuiteRunner.java:377)
at org.testng.SuiteRunner.runSequentially(SuiteRunner.java:371)
at org.testng.SuiteRunner.privateRun(SuiteRunner.java:332)
at org.testng.SuiteRunner.run(SuiteRunner.java:276)
at org.testng.SuiteRunnerWorker.runSuite(SuiteRunnerWorker.java:53)
at org.testng.SuiteRunnerWorker.run(SuiteRunnerWorker.java:96)
at org.testng.TestNG.runSuitesSequentially(TestNG.java:1212)
at org.testng.TestNG.runSuitesLocally(TestNG.java:1134)
at org.testng.TestNG.runSuites(TestNG.java:1063)
at org.testng.TestNG.run(TestNG.java:1031)
at org.testng.remote.AbstractRemoteTestNG.run(AbstractRemoteTestNG.java:115)
at org.testng.remote.RemoteTestNG.initAndRun(RemoteTestNG.java:251)
at org.testng.remote.RemoteTestNG.main(RemoteTestNG.java:77)
Caused by: org.openqa.selenium.NoSuchElementException: no such element: Unable to locate element: {"method":"xpath","selector":"//label[text()='Name of Application']"}
  (Session info: chrome=112.0.5615.138)
For documentation on this error, please visit: https://www.seleniumhq.org/exceptions/no_such_element.html
Build info: version: '3.141.59', revision: 'e82be7d358', time: '2018-11-14T08:17:03'
System info: host: 'DESKTOP-4SLAKQP', ip: '192.168.0.105', os.name: 'Windows 10', os.arch: 'amd64', os.version: '10.0', java.version: '1.8.0_202'
Driver info: org.openqa.selenium.chrome.ChromeDriver
Capabilities {acceptInsecureCerts: false, browserName: chrome, browserVersion: 112.0.5615.138, chrome: {chromedriverVersion: 112.0.5615.49 (bd2a7bcb881c..., userDataDir: C:\Users\USER\AppData\Local...}, goog:chromeOptions: {debuggerAddress: localhost:60760}, javascriptEnabled: true, networkConnectionEnabled: false, pageLoadStrategy: normal, platform: WINDOWS, platformName: WINDOWS, proxy: Proxy(), setWindowRect: true, strictFileInteractability: false, timeouts: {implicit: 0, pageLoad: 300000, script: 30000}, unhandledPromptBehavior: dismiss and notify, webauthn:extension:credBlob: true, webauthn:extension:largeBlob: true, webauthn:extension:minPinLength: true, webauthn:extension:prf: true, webauthn:virtualAuthenticators: true}
Session ID: ed2c6f7a16d27846853f91a70f35c9c9
*** Element info: {Using=xpath, value=//label[text()='Name of Application']}
at sun.reflect.GeneratedConstructorAccessor62.newInstance(Unknown Source)
at sun.reflect.DelegatingConstructorAccessorImpl.newInstance(DelegatingConstructorAccessorImpl.java:45)
at java.lang.reflect.Constructor.newInstance(Constructor.java:423)
at org.openqa.selenium.remote.http.W3CHttpResponseCodec.createException(W3CHttpResponseCodec.java:187)
at org.openqa.selenium.remote.http.W3CHttpResponseCodec.decode(W3CHttpResponseCodec.java:122)
at org.openqa.selenium.remote.http.W3CHttpResponseCodec.decode(W3CHttpResponseCodec.java:49)
at org.openqa.selenium.remote.HttpCommandExecutor.execute(HttpCommandExecutor.java:158)
at org.openqa.selenium.remote.service.DriverCommandExecutor.execute(DriverCommandExecutor.java:83)
at org.openqa.selenium.remote.RemoteWebDriver.execute(RemoteWebDriver.java:552)
at org.openqa.selenium.remote.RemoteWebDriver.findElement(RemoteWebDriver.java:323)
at org.openqa.selenium.remote.RemoteWebDriver.findElementByXPath(RemoteWebDriver.java:428)
at org.openqa.selenium.By$ByXPath.findElement(By.java:353)
at org.openqa.selenium.remote.RemoteWebDriver.findElement(RemoteWebDriver.java:315)
at org.openqa.selenium.support.pagefactory.DefaultElementLocator.findElement(DefaultElementLocator.java:69)
at org.openqa.selenium.support.pagefactory.internal.LocatingElementHandler.invoke(LocatingElementHandler.java:38)
at com.sun.proxy.$Proxy17.isDisplayed(Unknown Source)
at org.openqa.selenium.support.ui.ExpectedConditions.elementIfVisible(ExpectedConditions.java:314)
at org.openqa.selenium.support.ui.ExpectedConditions.access$000(ExpectedConditions.java:43)
at org.openqa.selenium.support.ui.ExpectedConditions$10.apply(ExpectedConditions.java:300)
at org.openqa.selenium.support.ui.ExpectedConditions$10.apply(ExpectedConditions.java:297)
at org.openqa.selenium.support.ui.FluentWait.until(FluentWait.java:249)
... 29 more
]]>
    </error>
  </testcase> <!-- HostNameLabelInHardwreAsset -->
  <system-out/>
  <testcase name="makeLabelInHardwareAsset" time="0.210" classname="technologyRisk.ToVerifyAllTheLabelsInHardwareAssetPage"/>
  <system-out>
    <![CDATA[Successfully verified Operating System label under Hardware Inventory Details in Hardware Asset Page]]>
  </system-out>
  <testcase name="descriptionLabelInHardwareAsset" time="0.720" classname="technologyRisk.ToVerifyAllTheLabelsInHardwareAssetPage"/>
  <system-out>
    <![CDATA[Successfully verified Description label under Hardware Inventory Details in Hardware Asset Page]]>
  </system-out>
  <testcase name="hardwareCriticalityLabelInHardwareAsset" time="0.250" classname="technologyRisk.ToVerifyAllTheLabelsInHardwareAssetPage"/>
  <system-out>
    <![CDATA[Successfully verified Hardware Criticality label under Hardware Inventory Details in Hardware Asset Page]]>
  </system-out>
  <testcase name="typeLabelInHardwareAsset" time="0.119" classname="technologyRisk.ToVerifyAllTheLabelsInHardwareAssetPage"/>
  <system-out>
    <![CDATA[Successfully verified Type label under Hardware Inventory Details in Hardware Asset Page]]>
  </system-out>
  <testcase name="riskAssessFrequencyLabelInHardwareAsset" time="0.149" classname="technologyRisk.ToVerifyAllTheLabelsInHardwareAssetPage"/>
  <system-out>
    <![CDATA[Successfully verified  Risk Assess Frequency label under Hardware Inventory Details in Hardware Asset Page]]>
  </system-out>
  <testcase name="businessFunctionLabelInHardwareAsset" time="0.191" classname="technologyRisk.ToVerifyAllTheLabelsInHardwareAssetPage"/>
  <system-out>
    <![CDATA[Successfully verified Business Function label under Hardware Inventory Details in Hardware Asset Page]]>
  </system-out>
  <testcase name="systemOwnerLabelInHardwareAsset" time="0.148" classname="technologyRisk.ToVerifyAllTheLabelsInHardwareAssetPage"/>
  <system-out>
    <![CDATA[Successfully verified System Owner label under Hardware Inventory Details in Hardware Asset Page]]>
  </system-out>
  <testcase name="departmentFunctionLabelInHardwareAsset" time="0.469" classname="technologyRisk.ToVerifyAllTheLabelsInHardwareAssetPage"/>
  <system-out>
    <![CDATA[Successfully verified Department Function label under Hardware Inventory Details in Hardware Asset Page]]>
  </system-out>
</testsuite> <!-- technologyRisk.ToVerifyAllTheLabelsInHardwareAssetPage -->
